ERROR [AWT-EventQueue-0] 2023-05-09T10:41:20,961 RSApplication - Error while initializing simulation
java.lang.IllegalArgumentException: Unable to create display for context id: 'jzombies'. This must match that set in the model's ContextBuilder.
	at repast.simphony.visualization.engine.DisplayProducer.<init>(DisplayProducer.java:30) ~[?:?]
	at repast.simphony.visualization.engine.DisplayComponentControllerAction.runInitialize(DisplayComponentControllerAction.java:113) ~[?:?]
	at repast.simphony.engine.controller.DefaultController$2.visit(DefaultController.java:214) ~[?:?]
	at repast.simphony.engine.controller.DefaultController$2.visit(DefaultController.java:1) ~[?:?]
	at repast.simphony.util.collections.NaryTree.preOrderTraverals(NaryTree.java:292) ~[?:?]
	at repast.simphony.util.collections.NaryTree.preOrderTraverals(NaryTree.java:295) ~[?:?]
	at repast.simphony.util.collections.NaryTree.preOrderTraverals(NaryTree.java:295) ~[?:?]
	at repast.simphony.util.collections.NaryTree.preOrderTraversal(NaryTree.java:288) ~[?:?]
	at repast.simphony.engine.controller.DefaultController.runInitialize(DefaultController.java:212) ~[?:?]
	at repast.simphony.engine.controller.DefaultController.runInitialize(DefaultController.java:383) ~[?:?]
	at repast.simphony.ui.RSApplication.initSim(RSApplication.java:171) ~[?:?]
	at repast.simphony.ui.action.InitRun.actionPerformed(InitRun.java:17) ~[?:?]
	at javax.swing.AbstractButton.fireActionPerformed(AbstractButton.java:1972) ~[?:?]
	at javax.swing.AbstractButton$Handler.actionPerformed(AbstractButton.java:2313) ~[?:?]
	at javax.swing.DefaultButtonModel.fireActionPerformed(DefaultButtonModel.java:405) ~[?:?]
	at javax.swing.DefaultButtonModel.setPressed(DefaultButtonModel.java:262) ~[?:?]
	at javax.swing.plaf.basic.BasicButtonListener.mouseReleased(BasicButtonListener.java:279) ~[?:?]
	at java.awt.AWTEventMulticaster.mouseReleased(AWTEventMulticaster.java:297) ~[?:?]
	at java.awt.Component.processMouseEvent(Component.java:6626) ~[?:?]
	at javax.swing.JComponent.processMouseEvent(JComponent.java:3389) ~[?:?]
	at java.awt.Component.processEvent(Component.java:6391) ~[?:?]
	at java.awt.Container.processEvent(Container.java:2266) ~[?:?]
	at java.awt.Component.dispatchEventImpl(Component.java:5001) ~[?:?]
	at java.awt.Container.dispatchEventImpl(Container.java:2324) ~[?:?]
	at java.awt.Component.dispatchEvent(Component.java:4833) ~[?:?]
	at java.awt.LightweightDispatcher.retargetMouseEvent(Container.java:4948) ~[?:?]
	at java.awt.LightweightDispatcher.processMouseEvent(Container.java:4575) ~[?:?]
	at java.awt.LightweightDispatcher.dispatchEvent(Container.java:4516) ~[?:?]
	at java.awt.Container.dispatchEventImpl(Container.java:2310) ~[?:?]
	at java.awt.Window.dispatchEventImpl(Window.java:2780) ~[?:?]
	at java.awt.Component.dispatchEvent(Component.java:4833) ~[?:?]
	at java.awt.EventQueue.dispatchEventImpl(EventQueue.java:773) ~[?:?]
	at java.awt.EventQueue$4.run(EventQueue.java:722) ~[?:?]
	at java.awt.EventQueue$4.run(EventQueue.java:716) ~[?:?]
	at java.security.AccessController.doPrivileged(AccessController.java:399) ~[?:?]
	at java.security.ProtectionDomain$JavaSecurityAccessImpl.doIntersectionPrivilege(ProtectionDomain.java:86) ~[?:?]
	at java.security.ProtectionDomain$JavaSecurityAccessImpl.doIntersectionPrivilege(ProtectionDomain.java:97) ~[?:?]
	at java.awt.EventQueue$5.run(EventQueue.java:746) ~[?:?]
	at java.awt.EventQueue$5.run(EventQueue.java:744) ~[?:?]
	at java.security.AccessController.doPrivileged(AccessController.java:399) ~[?:?]
	at java.security.ProtectionDomain$JavaSecurityAccessImpl.doIntersectionPrivilege(ProtectionDomain.java:86) ~[?:?]
	at java.awt.EventQueue.dispatchEvent(EventQueue.java:743) ~[?:?]
	at java.awt.EventDispatchThread.pumpOneEventForFilters(EventDispatchThread.java:203) ~[?:?]
	at java.awt.EventDispatchThread.pumpEventsForFilter(EventDispatchThread.java:124) ~[?:?]
	at java.awt.EventDispatchThread.pumpEventsForHierarchy(EventDispatchThread.java:113) ~[?:?]
	at java.awt.EventDispatchThread.pumpEvents(EventDispatchThread.java:109) ~[?:?]
	at java.awt.EventDispatchThread.pumpEvents(EventDispatchThread.java:101) ~[?:?]
	at java.awt.EventDispatchThread.run(EventDispatchThread.java:90) ~[?:?]
ERROR [AWT-EventQueue-0] 2023-05-09T10:41:46,533 RSApplication - Error while initializing simulation
java.lang.NullPointerException: Cannot invoke "repast.simphony.context.Context.setId(Object)" because "context" is null
	at jzombies.JZombiesBuilder.build(JZombiesBuilder.java:29) ~[?:?]
	at repast.simphony.dataLoader.engine.ClassNameContextBuilder.build(ClassNameContextBuilder.java:41) ~[?:?]
	at repast.simphony.dataLoader.engine.DataLoaderControllerAction.runInitialize(DataLoaderControllerAction.java:55) ~[?:?]
	at repast.simphony.engine.controller.DefaultController$2.visit(DefaultController.java:214) ~[?:?]
	at repast.simphony.engine.controller.DefaultController$2.visit(DefaultController.java:1) ~[?:?]
	at repast.simphony.util.collections.NaryTree.preOrderTraverals(NaryTree.java:292) ~[?:?]
	at repast.simphony.util.collections.NaryTree.preOrderTraverals(NaryTree.java:295) ~[?:?]
	at repast.simphony.util.collections.NaryTree.preOrderTraverals(NaryTree.java:295) ~[?:?]
	at repast.simphony.util.collections.NaryTree.preOrderTraversal(NaryTree.java:288) ~[?:?]
	at repast.simphony.engine.controller.DefaultController.runInitialize(DefaultController.java:212) ~[?:?]
	at repast.simphony.engine.controller.DefaultController.runInitialize(DefaultController.java:383) ~[?:?]
	at repast.simphony.ui.RSApplication.initSim(RSApplication.java:171) ~[?:?]
	at repast.simphony.ui.action.InitRun.actionPerformed(InitRun.java:17) ~[?:?]
	at javax.swing.AbstractButton.fireActionPerformed(AbstractButton.java:1972) ~[?:?]
	at javax.swing.AbstractButton$Handler.actionPerformed(AbstractButton.java:2313) ~[?:?]
	at javax.swing.DefaultButtonModel.fireActionPerformed(DefaultButtonModel.java:405) ~[?:?]
	at javax.swing.DefaultButtonModel.setPressed(DefaultButtonModel.java:262) ~[?:?]
	at javax.swing.plaf.basic.BasicButtonListener.mouseReleased(BasicButtonListener.java:279) ~[?:?]
	at java.awt.AWTEventMulticaster.mouseReleased(AWTEventMulticaster.java:297) ~[?:?]
	at java.awt.Component.processMouseEvent(Component.java:6626) ~[?:?]
	at javax.swing.JComponent.processMouseEvent(JComponent.java:3389) ~[?:?]
	at java.awt.Component.processEvent(Component.java:6391) ~[?:?]
	at java.awt.Container.processEvent(Container.java:2266) ~[?:?]
	at java.awt.Component.dispatchEventImpl(Component.java:5001) ~[?:?]
	at java.awt.Container.dispatchEventImpl(Container.java:2324) ~[?:?]
	at java.awt.Component.dispatchEvent(Component.java:4833) ~[?:?]
	at java.awt.LightweightDispatcher.retargetMouseEvent(Container.java:4948) ~[?:?]
	at java.awt.LightweightDispatcher.processMouseEvent(Container.java:4575) ~[?:?]
	at java.awt.LightweightDispatcher.dispatchEvent(Container.java:4516) ~[?:?]
	at java.awt.Container.dispatchEventImpl(Container.java:2310) ~[?:?]
	at java.awt.Window.dispatchEventImpl(Window.java:2780) ~[?:?]
	at java.awt.Component.dispatchEvent(Component.java:4833) ~[?:?]
	at java.awt.EventQueue.dispatchEventImpl(EventQueue.java:773) ~[?:?]
	at java.awt.EventQueue$4.run(EventQueue.java:722) ~[?:?]
	at java.awt.EventQueue$4.run(EventQueue.java:716) ~[?:?]
	at java.security.AccessController.doPrivileged(AccessController.java:399) ~[?:?]
	at java.security.ProtectionDomain$JavaSecurityAccessImpl.doIntersectionPrivilege(ProtectionDomain.java:86) ~[?:?]
	at java.security.ProtectionDomain$JavaSecurityAccessImpl.doIntersectionPrivilege(ProtectionDomain.java:97) ~[?:?]
	at java.awt.EventQueue$5.run(EventQueue.java:746) ~[?:?]
	at java.awt.EventQueue$5.run(EventQueue.java:744) ~[?:?]
	at java.security.AccessController.doPrivileged(AccessController.java:399) ~[?:?]
	at java.security.ProtectionDomain$JavaSecurityAccessImpl.doIntersectionPrivilege(ProtectionDomain.java:86) ~[?:?]
	at java.awt.EventQueue.dispatchEvent(EventQueue.java:743) ~[?:?]
	at java.awt.EventDispatchThread.pumpOneEventForFilters(EventDispatchThread.java:203) ~[?:?]
	at java.awt.EventDispatchThread.pumpEventsForFilter(EventDispatchThread.java:124) ~[?:?]
	at java.awt.EventDispatchThread.pumpEventsForHierarchy(EventDispatchThread.java:113) ~[?:?]
	at java.awt.EventDispatchThread.pumpEvents(EventDispatchThread.java:109) ~[?:?]
	at java.awt.EventDispatchThread.pumpEvents(EventDispatchThread.java:101) ~[?:?]
	at java.awt.EventDispatchThread.run(EventDispatchThread.java:90) ~[?:?]
ERROR [AWT-EventQueue-0] 2023-05-09T10:42:11,161 RSApplication - Error while initializing simulation
java.lang.NullPointerException: Cannot invoke "repast.simphony.context.Context.setId(Object)" because "context" is null
	at jzombies.JZombiesBuilder.build(JZombiesBuilder.java:29) ~[?:?]
	at repast.simphony.dataLoader.engine.ClassNameContextBuilder.build(ClassNameContextBuilder.java:41) ~[?:?]
	at repast.simphony.dataLoader.engine.DataLoaderControllerAction.runInitialize(DataLoaderControllerAction.java:55) ~[?:?]
	at repast.simphony.engine.controller.DefaultController$2.visit(DefaultController.java:214) ~[?:?]
	at repast.simphony.engine.controller.DefaultController$2.visit(DefaultController.java:1) ~[?:?]
	at repast.simphony.util.collections.NaryTree.preOrderTraverals(NaryTree.java:292) ~[?:?]
	at repast.simphony.util.collections.NaryTree.preOrderTraverals(NaryTree.java:295) ~[?:?]
	at repast.simphony.util.collections.NaryTree.preOrderTraverals(NaryTree.java:295) ~[?:?]
	at repast.simphony.util.collections.NaryTree.preOrderTraversal(NaryTree.java:288) ~[?:?]
	at repast.simphony.engine.controller.DefaultController.runInitialize(DefaultController.java:212) ~[?:?]
	at repast.simphony.engine.controller.DefaultController.runInitialize(DefaultController.java:383) ~[?:?]
	at repast.simphony.ui.RSApplication.initSim(RSApplication.java:171) ~[?:?]
	at repast.simphony.ui.action.InitRun.actionPerformed(InitRun.java:17) ~[?:?]
	at javax.swing.AbstractButton.fireActionPerformed(AbstractButton.java:1972) ~[?:?]
	at javax.swing.AbstractButton$Handler.actionPerformed(AbstractButton.java:2313) ~[?:?]
	at javax.swing.DefaultButtonModel.fireActionPerformed(DefaultButtonModel.java:405) ~[?:?]
	at javax.swing.DefaultButtonModel.setPressed(DefaultButtonModel.java:262) ~[?:?]
	at javax.swing.plaf.basic.BasicButtonListener.mouseReleased(BasicButtonListener.java:279) ~[?:?]
	at java.awt.AWTEventMulticaster.mouseReleased(AWTEventMulticaster.java:297) ~[?:?]
	at java.awt.Component.processMouseEvent(Component.java:6626) ~[?:?]
	at javax.swing.JComponent.processMouseEvent(JComponent.java:3389) ~[?:?]
	at java.awt.Component.processEvent(Component.java:6391) ~[?:?]
	at java.awt.Container.processEvent(Container.java:2266) ~[?:?]
	at java.awt.Component.dispatchEventImpl(Component.java:5001) ~[?:?]
	at java.awt.Container.dispatchEventImpl(Container.java:2324) ~[?:?]
	at java.awt.Component.dispatchEvent(Component.java:4833) ~[?:?]
	at java.awt.LightweightDispatcher.retargetMouseEvent(Container.java:4948) ~[?:?]
	at java.awt.LightweightDispatcher.processMouseEvent(Container.java:4575) ~[?:?]
	at java.awt.LightweightDispatcher.dispatchEvent(Container.java:4516) ~[?:?]
	at java.awt.Container.dispatchEventImpl(Container.java:2310) ~[?:?]
	at java.awt.Window.dispatchEventImpl(Window.java:2780) ~[?:?]
	at java.awt.Component.dispatchEvent(Component.java:4833) ~[?:?]
	at java.awt.EventQueue.dispatchEventImpl(EventQueue.java:773) ~[?:?]
	at java.awt.EventQueue$4.run(EventQueue.java:722) ~[?:?]
	at java.awt.EventQueue$4.run(EventQueue.java:716) ~[?:?]
	at java.security.AccessController.doPrivileged(AccessController.java:399) ~[?:?]
	at java.security.ProtectionDomain$JavaSecurityAccessImpl.doIntersectionPrivilege(ProtectionDomain.java:86) ~[?:?]
	at java.security.ProtectionDomain$JavaSecurityAccessImpl.doIntersectionPrivilege(ProtectionDomain.java:97) ~[?:?]
	at java.awt.EventQueue$5.run(EventQueue.java:746) ~[?:?]
	at java.awt.EventQueue$5.run(EventQueue.java:744) ~[?:?]
	at java.security.AccessController.doPrivileged(AccessController.java:399) ~[?:?]
	at java.security.ProtectionDomain$JavaSecurityAccessImpl.doIntersectionPrivilege(ProtectionDomain.java:86) ~[?:?]
	at java.awt.EventQueue.dispatchEvent(EventQueue.java:743) ~[?:?]
	at java.awt.EventDispatchThread.pumpOneEventForFilters(EventDispatchThread.java:203) ~[?:?]
	at java.awt.EventDispatchThread.pumpEventsForFilter(EventDispatchThread.java:124) ~[?:?]
	at java.awt.EventDispatchThread.pumpEventsForHierarchy(EventDispatchThread.java:113) ~[?:?]
	at java.awt.EventDispatchThread.pumpEvents(EventDispatchThread.java:109) ~[?:?]
	at java.awt.EventDispatchThread.pumpEvents(EventDispatchThread.java:101) ~[?:?]
	at java.awt.EventDispatchThread.run(EventDispatchThread.java:90) ~[?:?]
ERROR [AWT-EventQueue-0] 2023-05-09T10:43:26,214 RSApplication - Error while initializing simulation
java.lang.NullPointerException: Cannot invoke "repast.simphony.context.Context.setId(Object)" because "context" is null
	at jzombies.JZombiesBuilder.build(JZombiesBuilder.java:29) ~[?:?]
	at repast.simphony.dataLoader.engine.ClassNameContextBuilder.build(ClassNameContextBuilder.java:41) ~[?:?]
	at repast.simphony.dataLoader.engine.DataLoaderControllerAction.runInitialize(DataLoaderControllerAction.java:55) ~[?:?]
	at repast.simphony.engine.controller.DefaultController$2.visit(DefaultController.java:214) ~[?:?]
	at repast.simphony.engine.controller.DefaultController$2.visit(DefaultController.java:1) ~[?:?]
	at repast.simphony.util.collections.NaryTree.preOrderTraverals(NaryTree.java:292) ~[?:?]
	at repast.simphony.util.collections.NaryTree.preOrderTraverals(NaryTree.java:295) ~[?:?]
	at repast.simphony.util.collections.NaryTree.preOrderTraverals(NaryTree.java:295) ~[?:?]
	at repast.simphony.util.collections.NaryTree.preOrderTraversal(NaryTree.java:288) ~[?:?]
	at repast.simphony.engine.controller.DefaultController.runInitialize(DefaultController.java:212) ~[?:?]
	at repast.simphony.engine.controller.DefaultController.runInitialize(DefaultController.java:383) ~[?:?]
	at repast.simphony.ui.RSApplication.initSim(RSApplication.java:171) ~[?:?]
	at repast.simphony.ui.action.InitRun.actionPerformed(InitRun.java:17) ~[?:?]
	at javax.swing.AbstractButton.fireActionPerformed(AbstractButton.java:1972) ~[?:?]
	at javax.swing.AbstractButton$Handler.actionPerformed(AbstractButton.java:2313) ~[?:?]
	at javax.swing.DefaultButtonModel.fireActionPerformed(DefaultButtonModel.java:405) ~[?:?]
	at javax.swing.DefaultButtonModel.setPressed(DefaultButtonModel.java:262) ~[?:?]
	at javax.swing.plaf.basic.BasicButtonListener.mouseReleased(BasicButtonListener.java:279) ~[?:?]
	at java.awt.AWTEventMulticaster.mouseReleased(AWTEventMulticaster.java:297) ~[?:?]
	at java.awt.Component.processMouseEvent(Component.java:6626) ~[?:?]
	at javax.swing.JComponent.processMouseEvent(JComponent.java:3389) ~[?:?]
	at java.awt.Component.processEvent(Component.java:6391) ~[?:?]
	at java.awt.Container.processEvent(Container.java:2266) ~[?:?]
	at java.awt.Component.dispatchEventImpl(Component.java:5001) ~[?:?]
	at java.awt.Container.dispatchEventImpl(Container.java:2324) ~[?:?]
	at java.awt.Component.dispatchEvent(Component.java:4833) ~[?:?]
	at java.awt.LightweightDispatcher.retargetMouseEvent(Container.java:4948) ~[?:?]
	at java.awt.LightweightDispatcher.processMouseEvent(Container.java:4575) ~[?:?]
	at java.awt.LightweightDispatcher.dispatchEvent(Container.java:4516) ~[?:?]
	at java.awt.Container.dispatchEventImpl(Container.java:2310) ~[?:?]
	at java.awt.Window.dispatchEventImpl(Window.java:2780) ~[?:?]
	at java.awt.Component.dispatchEvent(Component.java:4833) ~[?:?]
	at java.awt.EventQueue.dispatchEventImpl(EventQueue.java:773) ~[?:?]
	at java.awt.EventQueue$4.run(EventQueue.java:722) ~[?:?]
	at java.awt.EventQueue$4.run(EventQueue.java:716) ~[?:?]
	at java.security.AccessController.doPrivileged(AccessController.java:399) ~[?:?]
	at java.security.ProtectionDomain$JavaSecurityAccessImpl.doIntersectionPrivilege(ProtectionDomain.java:86) ~[?:?]
	at java.security.ProtectionDomain$JavaSecurityAccessImpl.doIntersectionPrivilege(ProtectionDomain.java:97) ~[?:?]
	at java.awt.EventQueue$5.run(EventQueue.java:746) ~[?:?]
	at java.awt.EventQueue$5.run(EventQueue.java:744) ~[?:?]
	at java.security.AccessController.doPrivileged(AccessController.java:399) ~[?:?]
	at java.security.ProtectionDomain$JavaSecurityAccessImpl.doIntersectionPrivilege(ProtectionDomain.java:86) ~[?:?]
	at java.awt.EventQueue.dispatchEvent(EventQueue.java:743) ~[?:?]
	at java.awt.EventDispatchThread.pumpOneEventForFilters(EventDispatchThread.java:203) ~[?:?]
	at java.awt.EventDispatchThread.pumpEventsForFilter(EventDispatchThread.java:124) ~[?:?]
	at java.awt.EventDispatchThread.pumpEventsForHierarchy(EventDispatchThread.java:113) ~[?:?]
	at java.awt.EventDispatchThread.pumpEvents(EventDispatchThread.java:109) ~[?:?]
	at java.awt.EventDispatchThread.pumpEvents(EventDispatchThread.java:101) ~[?:?]
	at java.awt.EventDispatchThread.run(EventDispatchThread.java:90) ~[?:?]
ERROR [AWT-EventQueue-0] 2023-05-09T10:43:58,081 RSApplication - Error while initializing simulation
java.lang.NullPointerException: Cannot invoke "repast.simphony.context.Context.setId(Object)" because "context" is null
	at jzombies.JZombiesBuilder.build(JZombiesBuilder.java:29) ~[?:?]
	at repast.simphony.dataLoader.engine.ClassNameContextBuilder.build(ClassNameContextBuilder.java:41) ~[?:?]
	at repast.simphony.dataLoader.engine.DataLoaderControllerAction.runInitialize(DataLoaderControllerAction.java:55) ~[?:?]
	at repast.simphony.engine.controller.DefaultController$2.visit(DefaultController.java:214) ~[?:?]
	at repast.simphony.engine.controller.DefaultController$2.visit(DefaultController.java:1) ~[?:?]
	at repast.simphony.util.collections.NaryTree.preOrderTraverals(NaryTree.java:292) ~[?:?]
	at repast.simphony.util.collections.NaryTree.preOrderTraverals(NaryTree.java:295) ~[?:?]
	at repast.simphony.util.collections.NaryTree.preOrderTraverals(NaryTree.java:295) ~[?:?]
	at repast.simphony.util.collections.NaryTree.preOrderTraversal(NaryTree.java:288) ~[?:?]
	at repast.simphony.engine.controller.DefaultController.runInitialize(DefaultController.java:212) ~[?:?]
	at repast.simphony.engine.controller.DefaultController.runInitialize(DefaultController.java:383) ~[?:?]
	at repast.simphony.ui.RSApplication.initSim(RSApplication.java:171) ~[?:?]
	at repast.simphony.ui.RSApplication.start(RSApplication.java:203) ~[?:?]
	at repast.simphony.ui.action.StartRun.actionPerformed(StartRun.java:17) ~[?:?]
	at javax.swing.AbstractButton.fireActionPerformed(AbstractButton.java:1972) ~[?:?]
	at javax.swing.AbstractButton$Handler.actionPerformed(AbstractButton.java:2313) ~[?:?]
	at javax.swing.DefaultButtonModel.fireActionPerformed(DefaultButtonModel.java:405) ~[?:?]
	at javax.swing.DefaultButtonModel.setPressed(DefaultButtonModel.java:262) ~[?:?]
	at javax.swing.plaf.basic.BasicButtonListener.mouseReleased(BasicButtonListener.java:279) ~[?:?]
	at java.awt.AWTEventMulticaster.mouseReleased(AWTEventMulticaster.java:297) ~[?:?]
	at java.awt.Component.processMouseEvent(Component.java:6626) ~[?:?]
	at javax.swing.JComponent.processMouseEvent(JComponent.java:3389) ~[?:?]
	at java.awt.Component.processEvent(Component.java:6391) ~[?:?]
	at java.awt.Container.processEvent(Container.java:2266) ~[?:?]
	at java.awt.Component.dispatchEventImpl(Component.java:5001) ~[?:?]
	at java.awt.Container.dispatchEventImpl(Container.java:2324) ~[?:?]
	at java.awt.Component.dispatchEvent(Component.java:4833) ~[?:?]
	at java.awt.LightweightDispatcher.retargetMouseEvent(Container.java:4948) ~[?:?]
	at java.awt.LightweightDispatcher.processMouseEvent(Container.java:4575) ~[?:?]
	at java.awt.LightweightDispatcher.dispatchEvent(Container.java:4516) ~[?:?]
	at java.awt.Container.dispatchEventImpl(Container.java:2310) ~[?:?]
	at java.awt.Window.dispatchEventImpl(Window.java:2780) ~[?:?]
	at java.awt.Component.dispatchEvent(Component.java:4833) ~[?:?]
	at java.awt.EventQueue.dispatchEventImpl(EventQueue.java:773) ~[?:?]
	at java.awt.EventQueue$4.run(EventQueue.java:722) ~[?:?]
	at java.awt.EventQueue$4.run(EventQueue.java:716) ~[?:?]
	at java.security.AccessController.doPrivileged(AccessController.java:399) ~[?:?]
	at java.security.ProtectionDomain$JavaSecurityAccessImpl.doIntersectionPrivilege(ProtectionDomain.java:86) ~[?:?]
	at java.security.ProtectionDomain$JavaSecurityAccessImpl.doIntersectionPrivilege(ProtectionDomain.java:97) ~[?:?]
	at java.awt.EventQueue$5.run(EventQueue.java:746) ~[?:?]
	at java.awt.EventQueue$5.run(EventQueue.java:744) ~[?:?]
	at java.security.AccessController.doPrivileged(AccessController.java:399) ~[?:?]
	at java.security.ProtectionDomain$JavaSecurityAccessImpl.doIntersectionPrivilege(ProtectionDomain.java:86) ~[?:?]
	at java.awt.EventQueue.dispatchEvent(EventQueue.java:743) ~[?:?]
	at java.awt.EventDispatchThread.pumpOneEventForFilters(EventDispatchThread.java:203) ~[?:?]
	at java.awt.EventDispatchThread.pumpEventsForFilter(EventDispatchThread.java:124) ~[?:?]
	at java.awt.EventDispatchThread.pumpEventsForHierarchy(EventDispatchThread.java:113) ~[?:?]
	at java.awt.EventDispatchThread.pumpEvents(EventDispatchThread.java:109) ~[?:?]
	at java.awt.EventDispatchThread.pumpEvents(EventDispatchThread.java:101) ~[?:?]
	at java.awt.EventDispatchThread.run(EventDispatchThread.java:90) ~[?:?]
ERROR [AWT-EventQueue-0] 2023-05-09T10:44:42,080 RSApplication - Error while initializing simulation
java.lang.IllegalArgumentException: Unable to create display for context id: 'jzombies'. This must match that set in the model's ContextBuilder.
	at repast.simphony.visualization.engine.DisplayProducer.<init>(DisplayProducer.java:30) ~[?:?]
	at repast.simphony.visualization.engine.DisplayComponentControllerAction.runInitialize(DisplayComponentControllerAction.java:113) ~[?:?]
	at repast.simphony.engine.controller.DefaultController$2.visit(DefaultController.java:214) ~[?:?]
	at repast.simphony.engine.controller.DefaultController$2.visit(DefaultController.java:1) ~[?:?]
	at repast.simphony.util.collections.NaryTree.preOrderTraverals(NaryTree.java:292) ~[?:?]
	at repast.simphony.util.collections.NaryTree.preOrderTraverals(NaryTree.java:295) ~[?:?]
	at repast.simphony.util.collections.NaryTree.preOrderTraverals(NaryTree.java:295) ~[?:?]
	at repast.simphony.util.collections.NaryTree.preOrderTraversal(NaryTree.java:288) ~[?:?]
	at repast.simphony.engine.controller.DefaultController.runInitialize(DefaultController.java:212) ~[?:?]
	at repast.simphony.engine.controller.DefaultController.runInitialize(DefaultController.java:383) ~[?:?]
	at repast.simphony.ui.RSApplication.initSim(RSApplication.java:171) ~[?:?]
	at repast.simphony.ui.action.InitRun.actionPerformed(InitRun.java:17) ~[?:?]
	at javax.swing.AbstractButton.fireActionPerformed(AbstractButton.java:1972) ~[?:?]
	at javax.swing.AbstractButton$Handler.actionPerformed(AbstractButton.java:2313) ~[?:?]
	at javax.swing.DefaultButtonModel.fireActionPerformed(DefaultButtonModel.java:405) ~[?:?]
	at javax.swing.DefaultButtonModel.setPressed(DefaultButtonModel.java:262) ~[?:?]
	at javax.swing.plaf.basic.BasicButtonListener.mouseReleased(BasicButtonListener.java:279) ~[?:?]
	at java.awt.AWTEventMulticaster.mouseReleased(AWTEventMulticaster.java:297) ~[?:?]
	at java.awt.Component.processMouseEvent(Component.java:6626) ~[?:?]
	at javax.swing.JComponent.processMouseEvent(JComponent.java:3389) ~[?:?]
	at java.awt.Component.processEvent(Component.java:6391) ~[?:?]
	at java.awt.Container.processEvent(Container.java:2266) ~[?:?]
	at java.awt.Component.dispatchEventImpl(Component.java:5001) ~[?:?]
	at java.awt.Container.dispatchEventImpl(Container.java:2324) ~[?:?]
	at java.awt.Component.dispatchEvent(Component.java:4833) ~[?:?]
	at java.awt.LightweightDispatcher.retargetMouseEvent(Container.java:4948) ~[?:?]
	at java.awt.LightweightDispatcher.processMouseEvent(Container.java:4575) ~[?:?]
	at java.awt.LightweightDispatcher.dispatchEvent(Container.java:4516) ~[?:?]
	at java.awt.Container.dispatchEventImpl(Container.java:2310) ~[?:?]
	at java.awt.Window.dispatchEventImpl(Window.java:2780) ~[?:?]
	at java.awt.Component.dispatchEvent(Component.java:4833) ~[?:?]
	at java.awt.EventQueue.dispatchEventImpl(EventQueue.java:773) ~[?:?]
	at java.awt.EventQueue$4.run(EventQueue.java:722) ~[?:?]
	at java.awt.EventQueue$4.run(EventQueue.java:716) ~[?:?]
	at java.security.AccessController.doPrivileged(AccessController.java:399) ~[?:?]
	at java.security.ProtectionDomain$JavaSecurityAccessImpl.doIntersectionPrivilege(ProtectionDomain.java:86) ~[?:?]
	at java.security.ProtectionDomain$JavaSecurityAccessImpl.doIntersectionPrivilege(ProtectionDomain.java:97) ~[?:?]
	at java.awt.EventQueue$5.run(EventQueue.java:746) ~[?:?]
	at java.awt.EventQueue$5.run(EventQueue.java:744) ~[?:?]
	at java.security.AccessController.doPrivileged(AccessController.java:399) ~[?:?]
	at java.security.ProtectionDomain$JavaSecurityAccessImpl.doIntersectionPrivilege(ProtectionDomain.java:86) ~[?:?]
	at java.awt.EventQueue.dispatchEvent(EventQueue.java:743) ~[?:?]
	at java.awt.EventDispatchThread.pumpOneEventForFilters(EventDispatchThread.java:203) ~[?:?]
	at java.awt.EventDispatchThread.pumpEventsForFilter(EventDispatchThread.java:124) ~[?:?]
	at java.awt.EventDispatchThread.pumpEventsForHierarchy(EventDispatchThread.java:113) ~[?:?]
	at java.awt.EventDispatchThread.pumpEvents(EventDispatchThread.java:109) ~[?:?]
	at java.awt.EventDispatchThread.pumpEvents(EventDispatchThread.java:101) ~[?:?]
	at java.awt.EventDispatchThread.run(EventDispatchThread.java:90) ~[?:?]
ERROR [AWT-EventQueue-0] 2023-05-09T10:46:50,454 RSApplication - Error while initializing simulation
java.lang.NullPointerException: Cannot invoke "repast.simphony.context.Context.setId(Object)" because "context" is null
	at jzombies.JZombiesBuilder.build(JZombiesBuilder.java:29) ~[?:?]
	at repast.simphony.dataLoader.engine.ClassNameContextBuilder.build(ClassNameContextBuilder.java:41) ~[?:?]
	at repast.simphony.dataLoader.engine.DataLoaderControllerAction.runInitialize(DataLoaderControllerAction.java:55) ~[?:?]
	at repast.simphony.engine.controller.DefaultController$2.visit(DefaultController.java:214) ~[?:?]
	at repast.simphony.engine.controller.DefaultController$2.visit(DefaultController.java:1) ~[?:?]
	at repast.simphony.util.collections.NaryTree.preOrderTraverals(NaryTree.java:292) ~[?:?]
	at repast.simphony.util.collections.NaryTree.preOrderTraverals(NaryTree.java:295) ~[?:?]
	at repast.simphony.util.collections.NaryTree.preOrderTraverals(NaryTree.java:295) ~[?:?]
	at repast.simphony.util.collections.NaryTree.preOrderTraversal(NaryTree.java:288) ~[?:?]
	at repast.simphony.engine.controller.DefaultController.runInitialize(DefaultController.java:212) ~[?:?]
	at repast.simphony.engine.controller.DefaultController.runInitialize(DefaultController.java:383) ~[?:?]
	at repast.simphony.ui.RSApplication.initSim(RSApplication.java:171) ~[?:?]
	at repast.simphony.ui.action.InitRun.actionPerformed(InitRun.java:17) ~[?:?]
	at javax.swing.AbstractButton.fireActionPerformed(AbstractButton.java:1972) ~[?:?]
	at javax.swing.AbstractButton$Handler.actionPerformed(AbstractButton.java:2313) ~[?:?]
	at javax.swing.DefaultButtonModel.fireActionPerformed(DefaultButtonModel.java:405) ~[?:?]
	at javax.swing.DefaultButtonModel.setPressed(DefaultButtonModel.java:262) ~[?:?]
	at javax.swing.plaf.basic.BasicButtonListener.mouseReleased(BasicButtonListener.java:279) ~[?:?]
	at java.awt.AWTEventMulticaster.mouseReleased(AWTEventMulticaster.java:297) ~[?:?]
	at java.awt.Component.processMouseEvent(Component.java:6626) ~[?:?]
	at javax.swing.JComponent.processMouseEvent(JComponent.java:3389) ~[?:?]
	at java.awt.Component.processEvent(Component.java:6391) ~[?:?]
	at java.awt.Container.processEvent(Container.java:2266) ~[?:?]
	at java.awt.Component.dispatchEventImpl(Component.java:5001) ~[?:?]
	at java.awt.Container.dispatchEventImpl(Container.java:2324) ~[?:?]
	at java.awt.Component.dispatchEvent(Component.java:4833) ~[?:?]
	at java.awt.LightweightDispatcher.retargetMouseEvent(Container.java:4948) ~[?:?]
	at java.awt.LightweightDispatcher.processMouseEvent(Container.java:4575) ~[?:?]
	at java.awt.LightweightDispatcher.dispatchEvent(Container.java:4516) ~[?:?]
	at java.awt.Container.dispatchEventImpl(Container.java:2310) ~[?:?]
	at java.awt.Window.dispatchEventImpl(Window.java:2780) ~[?:?]
	at java.awt.Component.dispatchEvent(Component.java:4833) ~[?:?]
	at java.awt.EventQueue.dispatchEventImpl(EventQueue.java:773) ~[?:?]
	at java.awt.EventQueue$4.run(EventQueue.java:722) ~[?:?]
	at java.awt.EventQueue$4.run(EventQueue.java:716) ~[?:?]
	at java.security.AccessController.doPrivileged(AccessController.java:399) ~[?:?]
	at java.security.ProtectionDomain$JavaSecurityAccessImpl.doIntersectionPrivilege(ProtectionDomain.java:86) ~[?:?]
	at java.security.ProtectionDomain$JavaSecurityAccessImpl.doIntersectionPrivilege(ProtectionDomain.java:97) ~[?:?]
	at java.awt.EventQueue$5.run(EventQueue.java:746) ~[?:?]
	at java.awt.EventQueue$5.run(EventQueue.java:744) ~[?:?]
	at java.security.AccessController.doPrivileged(AccessController.java:399) ~[?:?]
	at java.security.ProtectionDomain$JavaSecurityAccessImpl.doIntersectionPrivilege(ProtectionDomain.java:86) ~[?:?]
	at java.awt.EventQueue.dispatchEvent(EventQueue.java:743) ~[?:?]
	at java.awt.EventDispatchThread.pumpOneEventForFilters(EventDispatchThread.java:203) ~[?:?]
	at java.awt.EventDispatchThread.pumpEventsForFilter(EventDispatchThread.java:124) ~[?:?]
	at java.awt.EventDispatchThread.pumpEventsForHierarchy(EventDispatchThread.java:113) ~[?:?]
	at java.awt.EventDispatchThread.pumpEvents(EventDispatchThread.java:109) ~[?:?]
	at java.awt.EventDispatchThread.pumpEvents(EventDispatchThread.java:101) ~[?:?]
	at java.awt.EventDispatchThread.run(EventDispatchThread.java:90) ~[?:?]
ERROR [AWT-EventQueue-0] 2023-05-09T11:37:52,473 RSApplication - Error while initializing simulation
repast.simphony.parameter.IllegalParameterException: Parameter 'zombie_count' not found in the schema.
	at repast.simphony.parameter.DefaultParameters.getValue(DefaultParameters.java:211) ~[?:?]
	at repast.simphony.parameter.DefaultParameters.getInteger(DefaultParameters.java:240) ~[?:?]
	at jzombies.JZombiesBuilder.build(JZombiesBuilder.java:55) ~[?:?]
	at repast.simphony.dataLoader.engine.ClassNameContextBuilder.build(ClassNameContextBuilder.java:41) ~[?:?]
	at repast.simphony.dataLoader.engine.DataLoaderControllerAction.runInitialize(DataLoaderControllerAction.java:48) ~[?:?]
	at repast.simphony.engine.controller.DefaultController$2.visit(DefaultController.java:214) ~[?:?]
	at repast.simphony.engine.controller.DefaultController$2.visit(DefaultController.java:1) ~[?:?]
	at repast.simphony.util.collections.NaryTree.preOrderTraverals(NaryTree.java:292) ~[?:?]
	at repast.simphony.util.collections.NaryTree.preOrderTraverals(NaryTree.java:295) ~[?:?]
	at repast.simphony.util.collections.NaryTree.preOrderTraverals(NaryTree.java:295) ~[?:?]
	at repast.simphony.util.collections.NaryTree.preOrderTraversal(NaryTree.java:288) ~[?:?]
	at repast.simphony.engine.controller.DefaultController.runInitialize(DefaultController.java:212) ~[?:?]
	at repast.simphony.engine.controller.DefaultController.runInitialize(DefaultController.java:383) ~[?:?]
	at repast.simphony.ui.RSApplication.initSim(RSApplication.java:171) ~[?:?]
	at repast.simphony.ui.action.InitRun.actionPerformed(InitRun.java:17) ~[?:?]
	at javax.swing.AbstractButton.fireActionPerformed(AbstractButton.java:1972) ~[?:?]
	at javax.swing.AbstractButton$Handler.actionPerformed(AbstractButton.java:2313) ~[?:?]
	at javax.swing.DefaultButtonModel.fireActionPerformed(DefaultButtonModel.java:405) ~[?:?]
	at javax.swing.DefaultButtonModel.setPressed(DefaultButtonModel.java:262) ~[?:?]
	at javax.swing.plaf.basic.BasicButtonListener.mouseReleased(BasicButtonListener.java:279) ~[?:?]
	at java.awt.AWTEventMulticaster.mouseReleased(AWTEventMulticaster.java:297) ~[?:?]
	at java.awt.Component.processMouseEvent(Component.java:6626) ~[?:?]
	at javax.swing.JComponent.processMouseEvent(JComponent.java:3389) ~[?:?]
	at java.awt.Component.processEvent(Component.java:6391) ~[?:?]
	at java.awt.Container.processEvent(Container.java:2266) ~[?:?]
	at java.awt.Component.dispatchEventImpl(Component.java:5001) ~[?:?]
	at java.awt.Container.dispatchEventImpl(Container.java:2324) ~[?:?]
	at java.awt.Component.dispatchEvent(Component.java:4833) ~[?:?]
	at java.awt.LightweightDispatcher.retargetMouseEvent(Container.java:4948) ~[?:?]
	at java.awt.LightweightDispatcher.processMouseEvent(Container.java:4575) ~[?:?]
	at java.awt.LightweightDispatcher.dispatchEvent(Container.java:4516) ~[?:?]
	at java.awt.Container.dispatchEventImpl(Container.java:2310) ~[?:?]
	at java.awt.Window.dispatchEventImpl(Window.java:2780) ~[?:?]
	at java.awt.Component.dispatchEvent(Component.java:4833) ~[?:?]
	at java.awt.EventQueue.dispatchEventImpl(EventQueue.java:773) ~[?:?]
	at java.awt.EventQueue$4.run(EventQueue.java:722) ~[?:?]
	at java.awt.EventQueue$4.run(EventQueue.java:716) ~[?:?]
	at java.security.AccessController.doPrivileged(AccessController.java:399) ~[?:?]
	at java.security.ProtectionDomain$JavaSecurityAccessImpl.doIntersectionPrivilege(ProtectionDomain.java:86) ~[?:?]
	at java.security.ProtectionDomain$JavaSecurityAccessImpl.doIntersectionPrivilege(ProtectionDomain.java:97) ~[?:?]
	at java.awt.EventQueue$5.run(EventQueue.java:746) ~[?:?]
	at java.awt.EventQueue$5.run(EventQueue.java:744) ~[?:?]
	at java.security.AccessController.doPrivileged(AccessController.java:399) ~[?:?]
	at java.security.ProtectionDomain$JavaSecurityAccessImpl.doIntersectionPrivilege(ProtectionDomain.java:86) ~[?:?]
	at java.awt.EventQueue.dispatchEvent(EventQueue.java:743) ~[?:?]
	at java.awt.EventDispatchThread.pumpOneEventForFilters(EventDispatchThread.java:203) ~[?:?]
	at java.awt.EventDispatchThread.pumpEventsForFilter(EventDispatchThread.java:124) ~[?:?]
	at java.awt.EventDispatchThread.pumpEventsForHierarchy(EventDispatchThread.java:113) ~[?:?]
	at java.awt.EventDispatchThread.pumpEvents(EventDispatchThread.java:109) ~[?:?]
	at java.awt.EventDispatchThread.pumpEvents(EventDispatchThread.java:101) ~[?:?]
	at java.awt.EventDispatchThread.run(EventDispatchThread.java:90) ~[?:?]
ERROR [AWT-EventQueue-0] 2023-05-09T11:38:40,179 RSApplication - Error while initializing simulation
repast.simphony.parameter.IllegalParameterException: Parameter 'zombie_count' not found in the schema.
	at repast.simphony.parameter.DefaultParameters.getValue(DefaultParameters.java:211) ~[?:?]
	at repast.simphony.parameter.DefaultParameters.getInteger(DefaultParameters.java:240) ~[?:?]
	at jzombies.JZombiesBuilder.build(JZombiesBuilder.java:55) ~[?:?]
	at repast.simphony.dataLoader.engine.ClassNameContextBuilder.build(ClassNameContextBuilder.java:41) ~[?:?]
	at repast.simphony.dataLoader.engine.DataLoaderControllerAction.runInitialize(DataLoaderControllerAction.java:48) ~[?:?]
	at repast.simphony.engine.controller.DefaultController$2.visit(DefaultController.java:214) ~[?:?]
	at repast.simphony.engine.controller.DefaultController$2.visit(DefaultController.java:1) ~[?:?]
	at repast.simphony.util.collections.NaryTree.preOrderTraverals(NaryTree.java:292) ~[?:?]
	at repast.simphony.util.collections.NaryTree.preOrderTraverals(NaryTree.java:295) ~[?:?]
	at repast.simphony.util.collections.NaryTree.preOrderTraverals(NaryTree.java:295) ~[?:?]
	at repast.simphony.util.collections.NaryTree.preOrderTraversal(NaryTree.java:288) ~[?:?]
	at repast.simphony.engine.controller.DefaultController.runInitialize(DefaultController.java:212) ~[?:?]
	at repast.simphony.engine.controller.DefaultController.runInitialize(DefaultController.java:383) ~[?:?]
	at repast.simphony.ui.RSApplication.initSim(RSApplication.java:171) ~[?:?]
	at repast.simphony.ui.action.InitRun.actionPerformed(InitRun.java:17) ~[?:?]
	at javax.swing.AbstractButton.fireActionPerformed(AbstractButton.java:1972) ~[?:?]
	at javax.swing.AbstractButton$Handler.actionPerformed(AbstractButton.java:2313) ~[?:?]
	at javax.swing.DefaultButtonModel.fireActionPerformed(DefaultButtonModel.java:405) ~[?:?]
	at javax.swing.DefaultButtonModel.setPressed(DefaultButtonModel.java:262) ~[?:?]
	at javax.swing.plaf.basic.BasicButtonListener.mouseReleased(BasicButtonListener.java:279) ~[?:?]
	at java.awt.AWTEventMulticaster.mouseReleased(AWTEventMulticaster.java:297) ~[?:?]
	at java.awt.Component.processMouseEvent(Component.java:6626) ~[?:?]
	at javax.swing.JComponent.processMouseEvent(JComponent.java:3389) ~[?:?]
	at java.awt.Component.processEvent(Component.java:6391) ~[?:?]
	at java.awt.Container.processEvent(Container.java:2266) ~[?:?]
	at java.awt.Component.dispatchEventImpl(Component.java:5001) ~[?:?]
	at java.awt.Container.dispatchEventImpl(Container.java:2324) ~[?:?]
	at java.awt.Component.dispatchEvent(Component.java:4833) ~[?:?]
	at java.awt.LightweightDispatcher.retargetMouseEvent(Container.java:4948) ~[?:?]
	at java.awt.LightweightDispatcher.processMouseEvent(Container.java:4575) ~[?:?]
	at java.awt.LightweightDispatcher.dispatchEvent(Container.java:4516) ~[?:?]
	at java.awt.Container.dispatchEventImpl(Container.java:2310) ~[?:?]
	at java.awt.Window.dispatchEventImpl(Window.java:2780) ~[?:?]
	at java.awt.Component.dispatchEvent(Component.java:4833) ~[?:?]
	at java.awt.EventQueue.dispatchEventImpl(EventQueue.java:773) ~[?:?]
	at java.awt.EventQueue$4.run(EventQueue.java:722) ~[?:?]
	at java.awt.EventQueue$4.run(EventQueue.java:716) ~[?:?]
	at java.security.AccessController.doPrivileged(AccessController.java:399) ~[?:?]
	at java.security.ProtectionDomain$JavaSecurityAccessImpl.doIntersectionPrivilege(ProtectionDomain.java:86) ~[?:?]
	at java.security.ProtectionDomain$JavaSecurityAccessImpl.doIntersectionPrivilege(ProtectionDomain.java:97) ~[?:?]
	at java.awt.EventQueue$5.run(EventQueue.java:746) ~[?:?]
	at java.awt.EventQueue$5.run(EventQueue.java:744) ~[?:?]
	at java.security.AccessController.doPrivileged(AccessController.java:399) ~[?:?]
	at java.security.ProtectionDomain$JavaSecurityAccessImpl.doIntersectionPrivilege(ProtectionDomain.java:86) ~[?:?]
	at java.awt.EventQueue.dispatchEvent(EventQueue.java:743) ~[?:?]
	at java.awt.EventDispatchThread.pumpOneEventForFilters(EventDispatchThread.java:203) ~[?:?]
	at java.awt.EventDispatchThread.pumpEventsForFilter(EventDispatchThread.java:124) ~[?:?]
	at java.awt.EventDispatchThread.pumpEventsForHierarchy(EventDispatchThread.java:113) ~[?:?]
	at java.awt.EventDispatchThread.pumpEvents(EventDispatchThread.java:109) ~[?:?]
	at java.awt.EventDispatchThread.pumpEvents(EventDispatchThread.java:101) ~[?:?]
	at java.awt.EventDispatchThread.run(EventDispatchThread.java:90) ~[?:?]
ERROR [AWT-EventQueue-0] 2023-05-09T11:47:24,050 RSApplication - Error while initializing simulation
repast.simphony.parameter.IllegalParameterException: Parameter 'zombie count' not found in the schema.
	at repast.simphony.parameter.DefaultParameters.getValue(DefaultParameters.java:211) ~[?:?]
	at repast.simphony.parameter.DefaultParameters.getInteger(DefaultParameters.java:240) ~[?:?]
	at jzombies.JZombiesBuilder.build(JZombiesBuilder.java:55) ~[?:?]
	at repast.simphony.dataLoader.engine.ClassNameContextBuilder.build(ClassNameContextBuilder.java:41) ~[?:?]
	at repast.simphony.dataLoader.engine.DataLoaderControllerAction.runInitialize(DataLoaderControllerAction.java:48) ~[?:?]
	at repast.simphony.engine.controller.DefaultController$2.visit(DefaultController.java:214) ~[?:?]
	at repast.simphony.engine.controller.DefaultController$2.visit(DefaultController.java:1) ~[?:?]
	at repast.simphony.util.collections.NaryTree.preOrderTraverals(NaryTree.java:292) ~[?:?]
	at repast.simphony.util.collections.NaryTree.preOrderTraverals(NaryTree.java:295) ~[?:?]
	at repast.simphony.util.collections.NaryTree.preOrderTraverals(NaryTree.java:295) ~[?:?]
	at repast.simphony.util.collections.NaryTree.preOrderTraversal(NaryTree.java:288) ~[?:?]
	at repast.simphony.engine.controller.DefaultController.runInitialize(DefaultController.java:212) ~[?:?]
	at repast.simphony.engine.controller.DefaultController.runInitialize(DefaultController.java:383) ~[?:?]
	at repast.simphony.ui.RSApplication.initSim(RSApplication.java:171) ~[?:?]
	at repast.simphony.ui.action.InitRun.actionPerformed(InitRun.java:17) ~[?:?]
	at javax.swing.AbstractButton.fireActionPerformed(AbstractButton.java:1972) ~[?:?]
	at javax.swing.AbstractButton$Handler.actionPerformed(AbstractButton.java:2313) ~[?:?]
	at javax.swing.DefaultButtonModel.fireActionPerformed(DefaultButtonModel.java:405) ~[?:?]
	at javax.swing.DefaultButtonModel.setPressed(DefaultButtonModel.java:262) ~[?:?]
	at javax.swing.plaf.basic.BasicButtonListener.mouseReleased(BasicButtonListener.java:279) ~[?:?]
	at java.awt.AWTEventMulticaster.mouseReleased(AWTEventMulticaster.java:297) ~[?:?]
	at java.awt.Component.processMouseEvent(Component.java:6626) ~[?:?]
	at javax.swing.JComponent.processMouseEvent(JComponent.java:3389) ~[?:?]
	at java.awt.Component.processEvent(Component.java:6391) ~[?:?]
	at java.awt.Container.processEvent(Container.java:2266) ~[?:?]
	at java.awt.Component.dispatchEventImpl(Component.java:5001) ~[?:?]
	at java.awt.Container.dispatchEventImpl(Container.java:2324) ~[?:?]
	at java.awt.Component.dispatchEvent(Component.java:4833) ~[?:?]
	at java.awt.LightweightDispatcher.retargetMouseEvent(Container.java:4948) ~[?:?]
	at java.awt.LightweightDispatcher.processMouseEvent(Container.java:4575) ~[?:?]
	at java.awt.LightweightDispatcher.dispatchEvent(Container.java:4516) ~[?:?]
	at java.awt.Container.dispatchEventImpl(Container.java:2310) ~[?:?]
	at java.awt.Window.dispatchEventImpl(Window.java:2780) ~[?:?]
	at java.awt.Component.dispatchEvent(Component.java:4833) ~[?:?]
	at java.awt.EventQueue.dispatchEventImpl(EventQueue.java:773) ~[?:?]
	at java.awt.EventQueue$4.run(EventQueue.java:722) ~[?:?]
	at java.awt.EventQueue$4.run(EventQueue.java:716) ~[?:?]
	at java.security.AccessController.doPrivileged(AccessController.java:399) ~[?:?]
	at java.security.ProtectionDomain$JavaSecurityAccessImpl.doIntersectionPrivilege(ProtectionDomain.java:86) ~[?:?]
	at java.security.ProtectionDomain$JavaSecurityAccessImpl.doIntersectionPrivilege(ProtectionDomain.java:97) ~[?:?]
	at java.awt.EventQueue$5.run(EventQueue.java:746) ~[?:?]
	at java.awt.EventQueue$5.run(EventQueue.java:744) ~[?:?]
	at java.security.AccessController.doPrivileged(AccessController.java:399) ~[?:?]
	at java.security.ProtectionDomain$JavaSecurityAccessImpl.doIntersectionPrivilege(ProtectionDomain.java:86) ~[?:?]
	at java.awt.EventQueue.dispatchEvent(EventQueue.java:743) ~[?:?]
	at java.awt.EventDispatchThread.pumpOneEventForFilters(EventDispatchThread.java:203) ~[?:?]
	at java.awt.EventDispatchThread.pumpEventsForFilter(EventDispatchThread.java:124) ~[?:?]
	at java.awt.EventDispatchThread.pumpEventsForHierarchy(EventDispatchThread.java:113) ~[?:?]
	at java.awt.EventDispatchThread.pumpEvents(EventDispatchThread.java:109) ~[?:?]
	at java.awt.EventDispatchThread.pumpEvents(EventDispatchThread.java:101) ~[?:?]
	at java.awt.EventDispatchThread.run(EventDispatchThread.java:90) ~[?:?]
ERROR [AWT-EventQueue-0] 2023-05-09T11:47:49,504 RSApplication - Error while initializing simulation
repast.simphony.parameter.IllegalParameterException: Parameter 'zombie count' not found in the schema.
	at repast.simphony.parameter.DefaultParameters.getValue(DefaultParameters.java:211) ~[?:?]
	at repast.simphony.parameter.DefaultParameters.getInteger(DefaultParameters.java:240) ~[?:?]
	at jzombies.JZombiesBuilder.build(JZombiesBuilder.java:55) ~[?:?]
	at repast.simphony.dataLoader.engine.ClassNameContextBuilder.build(ClassNameContextBuilder.java:41) ~[?:?]
	at repast.simphony.dataLoader.engine.DataLoaderControllerAction.runInitialize(DataLoaderControllerAction.java:48) ~[?:?]
	at repast.simphony.engine.controller.DefaultController$2.visit(DefaultController.java:214) ~[?:?]
	at repast.simphony.engine.controller.DefaultController$2.visit(DefaultController.java:1) ~[?:?]
	at repast.simphony.util.collections.NaryTree.preOrderTraverals(NaryTree.java:292) ~[?:?]
	at repast.simphony.util.collections.NaryTree.preOrderTraverals(NaryTree.java:295) ~[?:?]
	at repast.simphony.util.collections.NaryTree.preOrderTraverals(NaryTree.java:295) ~[?:?]
	at repast.simphony.util.collections.NaryTree.preOrderTraversal(NaryTree.java:288) ~[?:?]
	at repast.simphony.engine.controller.DefaultController.runInitialize(DefaultController.java:212) ~[?:?]
	at repast.simphony.engine.controller.DefaultController.runInitialize(DefaultController.java:383) ~[?:?]
	at repast.simphony.ui.RSApplication.initSim(RSApplication.java:171) ~[?:?]
	at repast.simphony.ui.action.InitRun.actionPerformed(InitRun.java:17) ~[?:?]
	at javax.swing.AbstractButton.fireActionPerformed(AbstractButton.java:1972) ~[?:?]
	at javax.swing.AbstractButton$Handler.actionPerformed(AbstractButton.java:2313) ~[?:?]
	at javax.swing.DefaultButtonModel.fireActionPerformed(DefaultButtonModel.java:405) ~[?:?]
	at javax.swing.DefaultButtonModel.setPressed(DefaultButtonModel.java:262) ~[?:?]
	at javax.swing.plaf.basic.BasicButtonListener.mouseReleased(BasicButtonListener.java:279) ~[?:?]
	at java.awt.AWTEventMulticaster.mouseReleased(AWTEventMulticaster.java:297) ~[?:?]
	at java.awt.Component.processMouseEvent(Component.java:6626) ~[?:?]
	at javax.swing.JComponent.processMouseEvent(JComponent.java:3389) ~[?:?]
	at java.awt.Component.processEvent(Component.java:6391) ~[?:?]
	at java.awt.Container.processEvent(Container.java:2266) ~[?:?]
	at java.awt.Component.dispatchEventImpl(Component.java:5001) ~[?:?]
	at java.awt.Container.dispatchEventImpl(Container.java:2324) ~[?:?]
	at java.awt.Component.dispatchEvent(Component.java:4833) ~[?:?]
	at java.awt.LightweightDispatcher.retargetMouseEvent(Container.java:4948) ~[?:?]
	at java.awt.LightweightDispatcher.processMouseEvent(Container.java:4575) ~[?:?]
	at java.awt.LightweightDispatcher.dispatchEvent(Container.java:4516) ~[?:?]
	at java.awt.Container.dispatchEventImpl(Container.java:2310) ~[?:?]
	at java.awt.Window.dispatchEventImpl(Window.java:2780) ~[?:?]
	at java.awt.Component.dispatchEvent(Component.java:4833) ~[?:?]
	at java.awt.EventQueue.dispatchEventImpl(EventQueue.java:773) ~[?:?]
	at java.awt.EventQueue$4.run(EventQueue.java:722) ~[?:?]
	at java.awt.EventQueue$4.run(EventQueue.java:716) ~[?:?]
	at java.security.AccessController.doPrivileged(AccessController.java:399) ~[?:?]
	at java.security.ProtectionDomain$JavaSecurityAccessImpl.doIntersectionPrivilege(ProtectionDomain.java:86) ~[?:?]
	at java.security.ProtectionDomain$JavaSecurityAccessImpl.doIntersectionPrivilege(ProtectionDomain.java:97) ~[?:?]
	at java.awt.EventQueue$5.run(EventQueue.java:746) ~[?:?]
	at java.awt.EventQueue$5.run(EventQueue.java:744) ~[?:?]
	at java.security.AccessController.doPrivileged(AccessController.java:399) ~[?:?]
	at java.security.ProtectionDomain$JavaSecurityAccessImpl.doIntersectionPrivilege(ProtectionDomain.java:86) ~[?:?]
	at java.awt.EventQueue.dispatchEvent(EventQueue.java:743) ~[?:?]
	at java.awt.EventDispatchThread.pumpOneEventForFilters(EventDispatchThread.java:203) ~[?:?]
	at java.awt.EventDispatchThread.pumpEventsForFilter(EventDispatchThread.java:124) ~[?:?]
	at java.awt.EventDispatchThread.pumpEventsForHierarchy(EventDispatchThread.java:113) ~[?:?]
	at java.awt.EventDispatchThread.pumpEvents(EventDispatchThread.java:109) ~[?:?]
	at java.awt.EventDispatchThread.pumpEvents(EventDispatchThread.java:101) ~[?:?]
	at java.awt.EventDispatchThread.run(EventDispatchThread.java:90) ~[?:?]
ERROR [AWT-EventQueue-0] 2023-05-10T21:05:01,511 DisplayComponentControllerAction - Error while creating displays
repast.simphony.visualization.engine.DisplayCreationException: Error while creating display.
	at repast.simphony.visualization.engine.DisplayCreatorOGL2D.createDisplay(DisplayCreatorOGL2D.java:102) ~[?:?]
	at repast.simphony.visualization.engine.DisplayProducer.createDisplay(DisplayProducer.java:48) ~[?:?]
	at repast.simphony.visualization.engine.DisplayComponentControllerAction.runInitialize(DisplayComponentControllerAction.java:116) ~[?:?]
	at repast.simphony.engine.controller.DefaultController$2.visit(DefaultController.java:214) ~[?:?]
	at repast.simphony.engine.controller.DefaultController$2.visit(DefaultController.java:1) ~[?:?]
	at repast.simphony.util.collections.NaryTree.preOrderTraverals(NaryTree.java:292) ~[?:?]
	at repast.simphony.util.collections.NaryTree.preOrderTraverals(NaryTree.java:295) ~[?:?]
	at repast.simphony.util.collections.NaryTree.preOrderTraverals(NaryTree.java:295) ~[?:?]
	at repast.simphony.util.collections.NaryTree.preOrderTraversal(NaryTree.java:288) ~[?:?]
	at repast.simphony.engine.controller.DefaultController.runInitialize(DefaultController.java:212) ~[?:?]
	at repast.simphony.engine.controller.DefaultController.runInitialize(DefaultController.java:383) ~[?:?]
	at repast.simphony.ui.RSApplication.initSim(RSApplication.java:171) ~[?:?]
	at repast.simphony.ui.action.InitRun.actionPerformed(InitRun.java:17) ~[?:?]
	at javax.swing.AbstractButton.fireActionPerformed(AbstractButton.java:1972) ~[?:?]
	at javax.swing.AbstractButton$Handler.actionPerformed(AbstractButton.java:2313) ~[?:?]
	at javax.swing.DefaultButtonModel.fireActionPerformed(DefaultButtonModel.java:405) ~[?:?]
	at javax.swing.DefaultButtonModel.setPressed(DefaultButtonModel.java:262) ~[?:?]
	at javax.swing.plaf.basic.BasicButtonListener.mouseReleased(BasicButtonListener.java:279) ~[?:?]
	at java.awt.AWTEventMulticaster.mouseReleased(AWTEventMulticaster.java:297) ~[?:?]
	at java.awt.Component.processMouseEvent(Component.java:6626) ~[?:?]
	at javax.swing.JComponent.processMouseEvent(JComponent.java:3389) ~[?:?]
	at java.awt.Component.processEvent(Component.java:6391) ~[?:?]
	at java.awt.Container.processEvent(Container.java:2266) ~[?:?]
	at java.awt.Component.dispatchEventImpl(Component.java:5001) ~[?:?]
	at java.awt.Container.dispatchEventImpl(Container.java:2324) ~[?:?]
	at java.awt.Component.dispatchEvent(Component.java:4833) ~[?:?]
	at java.awt.LightweightDispatcher.retargetMouseEvent(Container.java:4948) ~[?:?]
	at java.awt.LightweightDispatcher.processMouseEvent(Container.java:4575) ~[?:?]
	at java.awt.LightweightDispatcher.dispatchEvent(Container.java:4516) ~[?:?]
	at java.awt.Container.dispatchEventImpl(Container.java:2310) ~[?:?]
	at java.awt.Window.dispatchEventImpl(Window.java:2780) ~[?:?]
	at java.awt.Component.dispatchEvent(Component.java:4833) ~[?:?]
	at java.awt.EventQueue.dispatchEventImpl(EventQueue.java:773) ~[?:?]
	at java.awt.EventQueue$4.run(EventQueue.java:722) ~[?:?]
	at java.awt.EventQueue$4.run(EventQueue.java:716) ~[?:?]
	at java.security.AccessController.doPrivileged(AccessController.java:399) ~[?:?]
	at java.security.ProtectionDomain$JavaSecurityAccessImpl.doIntersectionPrivilege(ProtectionDomain.java:86) ~[?:?]
	at java.security.ProtectionDomain$JavaSecurityAccessImpl.doIntersectionPrivilege(ProtectionDomain.java:97) ~[?:?]
	at java.awt.EventQueue$5.run(EventQueue.java:746) ~[?:?]
	at java.awt.EventQueue$5.run(EventQueue.java:744) ~[?:?]
	at java.security.AccessController.doPrivileged(AccessController.java:399) ~[?:?]
	at java.security.ProtectionDomain$JavaSecurityAccessImpl.doIntersectionPrivilege(ProtectionDomain.java:86) ~[?:?]
	at java.awt.EventQueue.dispatchEvent(EventQueue.java:743) ~[?:?]
	at java.awt.EventDispatchThread.pumpOneEventForFilters(EventDispatchThread.java:203) ~[?:?]
	at java.awt.EventDispatchThread.pumpEventsForFilter(EventDispatchThread.java:124) ~[?:?]
	at java.awt.EventDispatchThread.pumpEventsForHierarchy(EventDispatchThread.java:113) ~[?:?]
	at java.awt.EventDispatchThread.pumpEvents(EventDispatchThread.java:109) ~[?:?]
	at java.awt.EventDispatchThread.pumpEvents(EventDispatchThread.java:101) ~[?:?]
	at java.awt.EventDispatchThread.run(EventDispatchThread.java:90) ~[?:?]
Caused by: java.lang.NullPointerException: Cannot invoke "repast.simphony.space.graph.Network.isDirected()" because "network" is null
	at repast.simphony.visualizationOGL2D.NetworkLayerOGL2D.<init>(NetworkLayerOGL2D.java:34) ~[?:?]
	at repast.simphony.visualizationOGL2D.DisplayOGL2D.registerNetworkStyle(DisplayOGL2D.java:492) ~[?:?]
	at repast.simphony.visualization.engine.DisplayCreatorOGL2D$3.register(DisplayCreatorOGL2D.java:89) ~[?:?]
	at repast.simphony.visualization.engine.DisplayCreatorOGL2D$3.register(DisplayCreatorOGL2D.java:1) ~[?:?]
	at repast.simphony.visualization.engine.NetworkStyleRegistrar.registerNetworkStyles(NetworkStyleRegistrar.java:44) ~[?:?]
	at repast.simphony.visualization.engine.DisplayCreatorOGL2D.createDisplay(DisplayCreatorOGL2D.java:87) ~[?:?]
	... 48 more
ERROR [AWT-EventQueue-0] 2023-05-10T21:05:25,414 DisplayComponentControllerAction - Error while creating displays
repast.simphony.visualization.engine.DisplayCreationException: Error while creating display.
	at repast.simphony.visualization.engine.DisplayCreatorOGL2D.createDisplay(DisplayCreatorOGL2D.java:102) ~[?:?]
	at repast.simphony.visualization.engine.DisplayProducer.createDisplay(DisplayProducer.java:48) ~[?:?]
	at repast.simphony.visualization.engine.DisplayComponentControllerAction.runInitialize(DisplayComponentControllerAction.java:116) ~[?:?]
	at repast.simphony.engine.controller.DefaultController$2.visit(DefaultController.java:214) ~[?:?]
	at repast.simphony.engine.controller.DefaultController$2.visit(DefaultController.java:1) ~[?:?]
	at repast.simphony.util.collections.NaryTree.preOrderTraverals(NaryTree.java:292) ~[?:?]
	at repast.simphony.util.collections.NaryTree.preOrderTraverals(NaryTree.java:295) ~[?:?]
	at repast.simphony.util.collections.NaryTree.preOrderTraverals(NaryTree.java:295) ~[?:?]
	at repast.simphony.util.collections.NaryTree.preOrderTraversal(NaryTree.java:288) ~[?:?]
	at repast.simphony.engine.controller.DefaultController.runInitialize(DefaultController.java:212) ~[?:?]
	at repast.simphony.engine.controller.DefaultController.runInitialize(DefaultController.java:383) ~[?:?]
	at repast.simphony.ui.RSApplication.initSim(RSApplication.java:171) ~[?:?]
	at repast.simphony.ui.action.InitRun.actionPerformed(InitRun.java:17) ~[?:?]
	at javax.swing.AbstractButton.fireActionPerformed(AbstractButton.java:1972) ~[?:?]
	at javax.swing.AbstractButton$Handler.actionPerformed(AbstractButton.java:2313) ~[?:?]
	at javax.swing.DefaultButtonModel.fireActionPerformed(DefaultButtonModel.java:405) ~[?:?]
	at javax.swing.DefaultButtonModel.setPressed(DefaultButtonModel.java:262) ~[?:?]
	at javax.swing.plaf.basic.BasicButtonListener.mouseReleased(BasicButtonListener.java:279) ~[?:?]
	at java.awt.AWTEventMulticaster.mouseReleased(AWTEventMulticaster.java:297) ~[?:?]
	at java.awt.Component.processMouseEvent(Component.java:6626) ~[?:?]
	at javax.swing.JComponent.processMouseEvent(JComponent.java:3389) ~[?:?]
	at java.awt.Component.processEvent(Component.java:6391) ~[?:?]
	at java.awt.Container.processEvent(Container.java:2266) ~[?:?]
	at java.awt.Component.dispatchEventImpl(Component.java:5001) ~[?:?]
	at java.awt.Container.dispatchEventImpl(Container.java:2324) ~[?:?]
	at java.awt.Component.dispatchEvent(Component.java:4833) ~[?:?]
	at java.awt.LightweightDispatcher.retargetMouseEvent(Container.java:4948) ~[?:?]
	at java.awt.LightweightDispatcher.processMouseEvent(Container.java:4575) ~[?:?]
	at java.awt.LightweightDispatcher.dispatchEvent(Container.java:4516) ~[?:?]
	at java.awt.Container.dispatchEventImpl(Container.java:2310) ~[?:?]
	at java.awt.Window.dispatchEventImpl(Window.java:2780) ~[?:?]
	at java.awt.Component.dispatchEvent(Component.java:4833) ~[?:?]
	at java.awt.EventQueue.dispatchEventImpl(EventQueue.java:773) ~[?:?]
	at java.awt.EventQueue$4.run(EventQueue.java:722) ~[?:?]
	at java.awt.EventQueue$4.run(EventQueue.java:716) ~[?:?]
	at java.security.AccessController.doPrivileged(AccessController.java:399) ~[?:?]
	at java.security.ProtectionDomain$JavaSecurityAccessImpl.doIntersectionPrivilege(ProtectionDomain.java:86) ~[?:?]
	at java.security.ProtectionDomain$JavaSecurityAccessImpl.doIntersectionPrivilege(ProtectionDomain.java:97) ~[?:?]
	at java.awt.EventQueue$5.run(EventQueue.java:746) ~[?:?]
	at java.awt.EventQueue$5.run(EventQueue.java:744) ~[?:?]
	at java.security.AccessController.doPrivileged(AccessController.java:399) ~[?:?]
	at java.security.ProtectionDomain$JavaSecurityAccessImpl.doIntersectionPrivilege(ProtectionDomain.java:86) ~[?:?]
	at java.awt.EventQueue.dispatchEvent(EventQueue.java:743) ~[?:?]
	at java.awt.EventDispatchThread.pumpOneEventForFilters(EventDispatchThread.java:203) ~[?:?]
	at java.awt.EventDispatchThread.pumpEventsForFilter(EventDispatchThread.java:124) ~[?:?]
	at java.awt.EventDispatchThread.pumpEventsForHierarchy(EventDispatchThread.java:113) ~[?:?]
	at java.awt.EventDispatchThread.pumpEvents(EventDispatchThread.java:109) ~[?:?]
	at java.awt.EventDispatchThread.pumpEvents(EventDispatchThread.java:101) ~[?:?]
	at java.awt.EventDispatchThread.run(EventDispatchThread.java:90) ~[?:?]
Caused by: java.lang.NullPointerException: Cannot invoke "repast.simphony.space.graph.Network.isDirected()" because "network" is null
	at repast.simphony.visualizationOGL2D.NetworkLayerOGL2D.<init>(NetworkLayerOGL2D.java:34) ~[?:?]
	at repast.simphony.visualizationOGL2D.DisplayOGL2D.registerNetworkStyle(DisplayOGL2D.java:492) ~[?:?]
	at repast.simphony.visualization.engine.DisplayCreatorOGL2D$3.register(DisplayCreatorOGL2D.java:89) ~[?:?]
	at repast.simphony.visualization.engine.DisplayCreatorOGL2D$3.register(DisplayCreatorOGL2D.java:1) ~[?:?]
	at repast.simphony.visualization.engine.NetworkStyleRegistrar.registerNetworkStyles(NetworkStyleRegistrar.java:44) ~[?:?]
	at repast.simphony.visualization.engine.DisplayCreatorOGL2D.createDisplay(DisplayCreatorOGL2D.java:87) ~[?:?]
	... 48 more
ERROR [AWT-EventQueue-0] 2023-05-10T21:05:56,410 DisplayComponentControllerAction - Error while creating displays
repast.simphony.visualization.engine.DisplayCreationException: Error while creating display.
	at repast.simphony.visualization.engine.DisplayCreatorOGL2D.createDisplay(DisplayCreatorOGL2D.java:102) ~[?:?]
	at repast.simphony.visualization.engine.DisplayProducer.createDisplay(DisplayProducer.java:48) ~[?:?]
	at repast.simphony.visualization.engine.DisplayComponentControllerAction.runInitialize(DisplayComponentControllerAction.java:116) ~[?:?]
	at repast.simphony.engine.controller.DefaultController$2.visit(DefaultController.java:214) ~[?:?]
	at repast.simphony.engine.controller.DefaultController$2.visit(DefaultController.java:1) ~[?:?]
	at repast.simphony.util.collections.NaryTree.preOrderTraverals(NaryTree.java:292) ~[?:?]
	at repast.simphony.util.collections.NaryTree.preOrderTraverals(NaryTree.java:295) ~[?:?]
	at repast.simphony.util.collections.NaryTree.preOrderTraverals(NaryTree.java:295) ~[?:?]
	at repast.simphony.util.collections.NaryTree.preOrderTraversal(NaryTree.java:288) ~[?:?]
	at repast.simphony.engine.controller.DefaultController.runInitialize(DefaultController.java:212) ~[?:?]
	at repast.simphony.engine.controller.DefaultController.runInitialize(DefaultController.java:383) ~[?:?]
	at repast.simphony.ui.RSApplication.initSim(RSApplication.java:171) ~[?:?]
	at repast.simphony.ui.action.InitRun.actionPerformed(InitRun.java:17) ~[?:?]
	at javax.swing.AbstractButton.fireActionPerformed(AbstractButton.java:1972) ~[?:?]
	at javax.swing.AbstractButton$Handler.actionPerformed(AbstractButton.java:2313) ~[?:?]
	at javax.swing.DefaultButtonModel.fireActionPerformed(DefaultButtonModel.java:405) ~[?:?]
	at javax.swing.DefaultButtonModel.setPressed(DefaultButtonModel.java:262) ~[?:?]
	at javax.swing.plaf.basic.BasicButtonListener.mouseReleased(BasicButtonListener.java:279) ~[?:?]
	at java.awt.AWTEventMulticaster.mouseReleased(AWTEventMulticaster.java:297) ~[?:?]
	at java.awt.Component.processMouseEvent(Component.java:6626) ~[?:?]
	at javax.swing.JComponent.processMouseEvent(JComponent.java:3389) ~[?:?]
	at java.awt.Component.processEvent(Component.java:6391) ~[?:?]
	at java.awt.Container.processEvent(Container.java:2266) ~[?:?]
	at java.awt.Component.dispatchEventImpl(Component.java:5001) ~[?:?]
	at java.awt.Container.dispatchEventImpl(Container.java:2324) ~[?:?]
	at java.awt.Component.dispatchEvent(Component.java:4833) ~[?:?]
	at java.awt.LightweightDispatcher.retargetMouseEvent(Container.java:4948) ~[?:?]
	at java.awt.LightweightDispatcher.processMouseEvent(Container.java:4575) ~[?:?]
	at java.awt.LightweightDispatcher.dispatchEvent(Container.java:4516) ~[?:?]
	at java.awt.Container.dispatchEventImpl(Container.java:2310) ~[?:?]
	at java.awt.Window.dispatchEventImpl(Window.java:2780) ~[?:?]
	at java.awt.Component.dispatchEvent(Component.java:4833) ~[?:?]
	at java.awt.EventQueue.dispatchEventImpl(EventQueue.java:773) ~[?:?]
	at java.awt.EventQueue$4.run(EventQueue.java:722) ~[?:?]
	at java.awt.EventQueue$4.run(EventQueue.java:716) ~[?:?]
	at java.security.AccessController.doPrivileged(AccessController.java:399) ~[?:?]
	at java.security.ProtectionDomain$JavaSecurityAccessImpl.doIntersectionPrivilege(ProtectionDomain.java:86) ~[?:?]
	at java.security.ProtectionDomain$JavaSecurityAccessImpl.doIntersectionPrivilege(ProtectionDomain.java:97) ~[?:?]
	at java.awt.EventQueue$5.run(EventQueue.java:746) ~[?:?]
	at java.awt.EventQueue$5.run(EventQueue.java:744) ~[?:?]
	at java.security.AccessController.doPrivileged(AccessController.java:399) ~[?:?]
	at java.security.ProtectionDomain$JavaSecurityAccessImpl.doIntersectionPrivilege(ProtectionDomain.java:86) ~[?:?]
	at java.awt.EventQueue.dispatchEvent(EventQueue.java:743) ~[?:?]
	at java.awt.EventDispatchThread.pumpOneEventForFilters(EventDispatchThread.java:203) ~[?:?]
	at java.awt.EventDispatchThread.pumpEventsForFilter(EventDispatchThread.java:124) ~[?:?]
	at java.awt.EventDispatchThread.pumpEventsForHierarchy(EventDispatchThread.java:113) ~[?:?]
	at java.awt.EventDispatchThread.pumpEvents(EventDispatchThread.java:109) ~[?:?]
	at java.awt.EventDispatchThread.pumpEvents(EventDispatchThread.java:101) ~[?:?]
	at java.awt.EventDispatchThread.run(EventDispatchThread.java:90) ~[?:?]
Caused by: java.lang.NullPointerException: Cannot invoke "repast.simphony.space.graph.Network.isDirected()" because "network" is null
	at repast.simphony.visualizationOGL2D.NetworkLayerOGL2D.<init>(NetworkLayerOGL2D.java:34) ~[?:?]
	at repast.simphony.visualizationOGL2D.DisplayOGL2D.registerNetworkStyle(DisplayOGL2D.java:492) ~[?:?]
	at repast.simphony.visualization.engine.DisplayCreatorOGL2D$3.register(DisplayCreatorOGL2D.java:89) ~[?:?]
	at repast.simphony.visualization.engine.DisplayCreatorOGL2D$3.register(DisplayCreatorOGL2D.java:1) ~[?:?]
	at repast.simphony.visualization.engine.NetworkStyleRegistrar.registerNetworkStyles(NetworkStyleRegistrar.java:44) ~[?:?]
	at repast.simphony.visualization.engine.DisplayCreatorOGL2D.createDisplay(DisplayCreatorOGL2D.java:87) ~[?:?]
	... 48 more
ERROR [AWT-EventQueue-0] 2023-05-10T21:14:11,271 DisplayComponentControllerAction - Error while creating displays
repast.simphony.visualization.engine.DisplayCreationException: Error while creating display.
	at repast.simphony.visualization.engine.DisplayCreatorOGL2D.createDisplay(DisplayCreatorOGL2D.java:102) ~[?:?]
	at repast.simphony.visualization.engine.DisplayProducer.createDisplay(DisplayProducer.java:48) ~[?:?]
	at repast.simphony.visualization.engine.DisplayComponentControllerAction.runInitialize(DisplayComponentControllerAction.java:116) ~[?:?]
	at repast.simphony.engine.controller.DefaultController$2.visit(DefaultController.java:214) ~[?:?]
	at repast.simphony.engine.controller.DefaultController$2.visit(DefaultController.java:1) ~[?:?]
	at repast.simphony.util.collections.NaryTree.preOrderTraverals(NaryTree.java:292) ~[?:?]
	at repast.simphony.util.collections.NaryTree.preOrderTraverals(NaryTree.java:295) ~[?:?]
	at repast.simphony.util.collections.NaryTree.preOrderTraverals(NaryTree.java:295) ~[?:?]
	at repast.simphony.util.collections.NaryTree.preOrderTraversal(NaryTree.java:288) ~[?:?]
	at repast.simphony.engine.controller.DefaultController.runInitialize(DefaultController.java:212) ~[?:?]
	at repast.simphony.engine.controller.DefaultController.runInitialize(DefaultController.java:383) ~[?:?]
	at repast.simphony.ui.RSApplication.initSim(RSApplication.java:171) ~[?:?]
	at repast.simphony.ui.action.InitRun.actionPerformed(InitRun.java:17) ~[?:?]
	at javax.swing.AbstractButton.fireActionPerformed(AbstractButton.java:1972) ~[?:?]
	at javax.swing.AbstractButton$Handler.actionPerformed(AbstractButton.java:2313) ~[?:?]
	at javax.swing.DefaultButtonModel.fireActionPerformed(DefaultButtonModel.java:405) ~[?:?]
	at javax.swing.DefaultButtonModel.setPressed(DefaultButtonModel.java:262) ~[?:?]
	at javax.swing.plaf.basic.BasicButtonListener.mouseReleased(BasicButtonListener.java:279) ~[?:?]
	at java.awt.AWTEventMulticaster.mouseReleased(AWTEventMulticaster.java:297) ~[?:?]
	at java.awt.Component.processMouseEvent(Component.java:6626) ~[?:?]
	at javax.swing.JComponent.processMouseEvent(JComponent.java:3389) ~[?:?]
	at java.awt.Component.processEvent(Component.java:6391) ~[?:?]
	at java.awt.Container.processEvent(Container.java:2266) ~[?:?]
	at java.awt.Component.dispatchEventImpl(Component.java:5001) ~[?:?]
	at java.awt.Container.dispatchEventImpl(Container.java:2324) ~[?:?]
	at java.awt.Component.dispatchEvent(Component.java:4833) ~[?:?]
	at java.awt.LightweightDispatcher.retargetMouseEvent(Container.java:4948) ~[?:?]
	at java.awt.LightweightDispatcher.processMouseEvent(Container.java:4575) ~[?:?]
	at java.awt.LightweightDispatcher.dispatchEvent(Container.java:4516) ~[?:?]
	at java.awt.Container.dispatchEventImpl(Container.java:2310) ~[?:?]
	at java.awt.Window.dispatchEventImpl(Window.java:2780) ~[?:?]
	at java.awt.Component.dispatchEvent(Component.java:4833) ~[?:?]
	at java.awt.EventQueue.dispatchEventImpl(EventQueue.java:773) ~[?:?]
	at java.awt.EventQueue$4.run(EventQueue.java:722) ~[?:?]
	at java.awt.EventQueue$4.run(EventQueue.java:716) ~[?:?]
	at java.security.AccessController.doPrivileged(AccessController.java:399) ~[?:?]
	at java.security.ProtectionDomain$JavaSecurityAccessImpl.doIntersectionPrivilege(ProtectionDomain.java:86) ~[?:?]
	at java.security.ProtectionDomain$JavaSecurityAccessImpl.doIntersectionPrivilege(ProtectionDomain.java:97) ~[?:?]
	at java.awt.EventQueue$5.run(EventQueue.java:746) ~[?:?]
	at java.awt.EventQueue$5.run(EventQueue.java:744) ~[?:?]
	at java.security.AccessController.doPrivileged(AccessController.java:399) ~[?:?]
	at java.security.ProtectionDomain$JavaSecurityAccessImpl.doIntersectionPrivilege(ProtectionDomain.java:86) ~[?:?]
	at java.awt.EventQueue.dispatchEvent(EventQueue.java:743) ~[?:?]
	at java.awt.EventDispatchThread.pumpOneEventForFilters(EventDispatchThread.java:203) ~[?:?]
	at java.awt.EventDispatchThread.pumpEventsForFilter(EventDispatchThread.java:124) ~[?:?]
	at java.awt.EventDispatchThread.pumpEventsForHierarchy(EventDispatchThread.java:113) ~[?:?]
	at java.awt.EventDispatchThread.pumpEvents(EventDispatchThread.java:109) ~[?:?]
	at java.awt.EventDispatchThread.pumpEvents(EventDispatchThread.java:101) ~[?:?]
	at java.awt.EventDispatchThread.run(EventDispatchThread.java:90) ~[?:?]
Caused by: java.lang.NullPointerException: Cannot invoke "repast.simphony.space.graph.Network.isDirected()" because "network" is null
	at repast.simphony.visualizationOGL2D.NetworkLayerOGL2D.<init>(NetworkLayerOGL2D.java:34) ~[?:?]
	at repast.simphony.visualizationOGL2D.DisplayOGL2D.registerNetworkStyle(DisplayOGL2D.java:492) ~[?:?]
	at repast.simphony.visualization.engine.DisplayCreatorOGL2D$3.register(DisplayCreatorOGL2D.java:89) ~[?:?]
	at repast.simphony.visualization.engine.DisplayCreatorOGL2D$3.register(DisplayCreatorOGL2D.java:1) ~[?:?]
	at repast.simphony.visualization.engine.NetworkStyleRegistrar.registerNetworkStyles(NetworkStyleRegistrar.java:44) ~[?:?]
	at repast.simphony.visualization.engine.DisplayCreatorOGL2D.createDisplay(DisplayCreatorOGL2D.java:87) ~[?:?]
	... 48 more
FATAL [Thread-2] 2023-05-10T22:37:41,540 GUIScheduleRunner - RunTimeException when running the schedule
Current tick (1.0)
java.lang.RuntimeException: java.lang.reflect.InvocationTargetException
	at repast.simphony.engine.schedule.DynamicTargetAction.execute(DynamicTargetAction.java:72) ~[?:?]
	at repast.simphony.engine.controller.ScheduledMethodControllerAction$ScheduleMethodAllAction.execute(ScheduledMethodControllerAction.java:336) ~[?:?]
	at repast.simphony.engine.schedule.DefaultAction.execute(DefaultAction.java:38) ~[?:?]
	at repast.simphony.engine.schedule.ScheduleGroup.executeList(ScheduleGroup.java:205) ~[?:?]
	at repast.simphony.engine.schedule.ScheduleGroup.execute(ScheduleGroup.java:231) ~[?:?]
	at repast.simphony.engine.schedule.Schedule.execute(Schedule.java:375) ~[?:?]
	at repast.simphony.ui.GUIScheduleRunner$ScheduleLoopRunnable.run(GUIScheduleRunner.java:52) ~[?:?]
	at java.lang.Thread.run(Thread.java:833) ~[?:?]
Caused by: java.lang.reflect.InvocationTargetException
	at jzombies.Human$$FastClassByCGLIB$$51cbeac2.invoke(<generated>) ~[?:?]
	at net.sf.cglib.reflect.FastMethod.invoke(FastMethod.java:53) ~[?:?]
	at repast.simphony.engine.schedule.DynamicTargetAction.execute(DynamicTargetAction.java:69) ~[?:?]
	... 7 more
Caused by: repast.simphony.space.SpatialException: Object '[5, 5]' must be added to the space's context before it can be moved
	at repast.simphony.space.grid.AbstractGrid.moveByDisplacement(AbstractGrid.java:296) ~[?:?]
	at repast.simphony.space.grid.AbstractGrid.moveByVector(AbstractGrid.java:345) ~[?:?]
	at jzombies.Human.move(Human.java:68) ~[?:?]
	at jzombies.Human$$FastClassByCGLIB$$51cbeac2.invoke(<generated>) ~[?:?]
	at net.sf.cglib.reflect.FastMethod.invoke(FastMethod.java:53) ~[?:?]
	at repast.simphony.engine.schedule.DynamicTargetAction.execute(DynamicTargetAction.java:69) ~[?:?]
	... 7 more
FATAL [Thread-2] 2023-05-10T22:39:41,916 GUIScheduleRunner - RunTimeException when running the schedule
Current tick (1.0)
java.lang.RuntimeException: java.lang.reflect.InvocationTargetException
	at repast.simphony.engine.schedule.DynamicTargetAction.execute(DynamicTargetAction.java:72) ~[?:?]
	at repast.simphony.engine.controller.ScheduledMethodControllerAction$ScheduleMethodAllAction.execute(ScheduledMethodControllerAction.java:336) ~[?:?]
	at repast.simphony.engine.schedule.DefaultAction.execute(DefaultAction.java:38) ~[?:?]
	at repast.simphony.engine.schedule.ScheduleGroup.executeList(ScheduleGroup.java:205) ~[?:?]
	at repast.simphony.engine.schedule.ScheduleGroup.execute(ScheduleGroup.java:231) ~[?:?]
	at repast.simphony.engine.schedule.Schedule.execute(Schedule.java:375) ~[?:?]
	at repast.simphony.ui.GUIScheduleRunner$ScheduleLoopRunnable.run(GUIScheduleRunner.java:52) ~[?:?]
	at java.lang.Thread.run(Thread.java:833) ~[?:?]
Caused by: java.lang.reflect.InvocationTargetException
	at jzombies.Human$$FastClassByCGLIB$$51cbeac2.invoke(<generated>) ~[?:?]
	at net.sf.cglib.reflect.FastMethod.invoke(FastMethod.java:53) ~[?:?]
	at repast.simphony.engine.schedule.DynamicTargetAction.execute(DynamicTargetAction.java:69) ~[?:?]
	... 7 more
Caused by: repast.simphony.space.SpatialException: Object '[5, 5]' must be added to the space's context before it can be moved
	at repast.simphony.space.grid.AbstractGrid.moveByDisplacement(AbstractGrid.java:296) ~[?:?]
	at repast.simphony.space.grid.AbstractGrid.moveByVector(AbstractGrid.java:345) ~[?:?]
	at jzombies.Human.move(Human.java:68) ~[?:?]
	at jzombies.Human$$FastClassByCGLIB$$51cbeac2.invoke(<generated>) ~[?:?]
	at net.sf.cglib.reflect.FastMethod.invoke(FastMethod.java:53) ~[?:?]
	at repast.simphony.engine.schedule.DynamicTargetAction.execute(DynamicTargetAction.java:69) ~[?:?]
	... 7 more
FATAL [Thread-2] 2023-05-10T22:42:52,590 GUIScheduleRunner - RunTimeException when running the schedule
Current tick (1.0)
java.lang.RuntimeException: java.lang.reflect.InvocationTargetException
	at repast.simphony.engine.schedule.DynamicTargetAction.execute(DynamicTargetAction.java:72) ~[?:?]
	at repast.simphony.engine.controller.ScheduledMethodControllerAction$ScheduleMethodAllAction.execute(ScheduledMethodControllerAction.java:336) ~[?:?]
	at repast.simphony.engine.schedule.DefaultAction.execute(DefaultAction.java:38) ~[?:?]
	at repast.simphony.engine.schedule.ScheduleGroup.executeList(ScheduleGroup.java:205) ~[?:?]
	at repast.simphony.engine.schedule.ScheduleGroup.execute(ScheduleGroup.java:231) ~[?:?]
	at repast.simphony.engine.schedule.Schedule.execute(Schedule.java:375) ~[?:?]
	at repast.simphony.ui.GUIScheduleRunner$ScheduleLoopRunnable.run(GUIScheduleRunner.java:52) ~[?:?]
	at java.lang.Thread.run(Thread.java:833) ~[?:?]
Caused by: java.lang.reflect.InvocationTargetException
	at jzombies.Human$$FastClassByCGLIB$$51cbeac2.invoke(<generated>) ~[?:?]
	at net.sf.cglib.reflect.FastMethod.invoke(FastMethod.java:53) ~[?:?]
	at repast.simphony.engine.schedule.DynamicTargetAction.execute(DynamicTargetAction.java:69) ~[?:?]
	... 7 more
Caused by: repast.simphony.space.SpatialException: Object '[5, 5]' must be added to the space's context before it can be moved
	at repast.simphony.space.grid.AbstractGrid.moveByDisplacement(AbstractGrid.java:296) ~[?:?]
	at repast.simphony.space.grid.AbstractGrid.moveByVector(AbstractGrid.java:345) ~[?:?]
	at jzombies.Human.move(Human.java:68) ~[?:?]
	at jzombies.Human$$FastClassByCGLIB$$51cbeac2.invoke(<generated>) ~[?:?]
	at net.sf.cglib.reflect.FastMethod.invoke(FastMethod.java:53) ~[?:?]
	at repast.simphony.engine.schedule.DynamicTargetAction.execute(DynamicTargetAction.java:69) ~[?:?]
	... 7 more
ERROR [AWT-EventQueue-0] 2023-05-10T22:45:22,946 DisplayComponentControllerAction - Error while creating displays
repast.simphony.visualization.engine.DisplayCreationException: Error while creating display.
	at repast.simphony.visualization.engine.DisplayCreatorOGL2D.createDisplay(DisplayCreatorOGL2D.java:102) ~[?:?]
	at repast.simphony.visualization.engine.DisplayProducer.createDisplay(DisplayProducer.java:48) ~[?:?]
	at repast.simphony.visualization.engine.DisplayComponentControllerAction.runInitialize(DisplayComponentControllerAction.java:116) ~[?:?]
	at repast.simphony.engine.controller.DefaultController$2.visit(DefaultController.java:214) ~[?:?]
	at repast.simphony.engine.controller.DefaultController$2.visit(DefaultController.java:1) ~[?:?]
	at repast.simphony.util.collections.NaryTree.preOrderTraverals(NaryTree.java:292) ~[?:?]
	at repast.simphony.util.collections.NaryTree.preOrderTraverals(NaryTree.java:295) ~[?:?]
	at repast.simphony.util.collections.NaryTree.preOrderTraverals(NaryTree.java:295) ~[?:?]
	at repast.simphony.util.collections.NaryTree.preOrderTraversal(NaryTree.java:288) ~[?:?]
	at repast.simphony.engine.controller.DefaultController.runInitialize(DefaultController.java:212) ~[?:?]
	at repast.simphony.engine.controller.DefaultController.runInitialize(DefaultController.java:383) ~[?:?]
	at repast.simphony.ui.RSApplication.initSim(RSApplication.java:171) ~[?:?]
	at repast.simphony.ui.action.InitRun.actionPerformed(InitRun.java:17) ~[?:?]
	at javax.swing.AbstractButton.fireActionPerformed(AbstractButton.java:1972) ~[?:?]
	at javax.swing.AbstractButton$Handler.actionPerformed(AbstractButton.java:2313) ~[?:?]
	at javax.swing.DefaultButtonModel.fireActionPerformed(DefaultButtonModel.java:405) ~[?:?]
	at javax.swing.DefaultButtonModel.setPressed(DefaultButtonModel.java:262) ~[?:?]
	at javax.swing.plaf.basic.BasicButtonListener.mouseReleased(BasicButtonListener.java:279) ~[?:?]
	at java.awt.AWTEventMulticaster.mouseReleased(AWTEventMulticaster.java:297) ~[?:?]
	at java.awt.Component.processMouseEvent(Component.java:6626) ~[?:?]
	at javax.swing.JComponent.processMouseEvent(JComponent.java:3389) ~[?:?]
	at java.awt.Component.processEvent(Component.java:6391) ~[?:?]
	at java.awt.Container.processEvent(Container.java:2266) ~[?:?]
	at java.awt.Component.dispatchEventImpl(Component.java:5001) ~[?:?]
	at java.awt.Container.dispatchEventImpl(Container.java:2324) ~[?:?]
	at java.awt.Component.dispatchEvent(Component.java:4833) ~[?:?]
	at java.awt.LightweightDispatcher.retargetMouseEvent(Container.java:4948) ~[?:?]
	at java.awt.LightweightDispatcher.processMouseEvent(Container.java:4575) ~[?:?]
	at java.awt.LightweightDispatcher.dispatchEvent(Container.java:4516) ~[?:?]
	at java.awt.Container.dispatchEventImpl(Container.java:2310) ~[?:?]
	at java.awt.Window.dispatchEventImpl(Window.java:2780) ~[?:?]
	at java.awt.Component.dispatchEvent(Component.java:4833) ~[?:?]
	at java.awt.EventQueue.dispatchEventImpl(EventQueue.java:773) ~[?:?]
	at java.awt.EventQueue$4.run(EventQueue.java:722) ~[?:?]
	at java.awt.EventQueue$4.run(EventQueue.java:716) ~[?:?]
	at java.security.AccessController.doPrivileged(AccessController.java:399) ~[?:?]
	at java.security.ProtectionDomain$JavaSecurityAccessImpl.doIntersectionPrivilege(ProtectionDomain.java:86) ~[?:?]
	at java.security.ProtectionDomain$JavaSecurityAccessImpl.doIntersectionPrivilege(ProtectionDomain.java:97) ~[?:?]
	at java.awt.EventQueue$5.run(EventQueue.java:746) ~[?:?]
	at java.awt.EventQueue$5.run(EventQueue.java:744) ~[?:?]
	at java.security.AccessController.doPrivileged(AccessController.java:399) ~[?:?]
	at java.security.ProtectionDomain$JavaSecurityAccessImpl.doIntersectionPrivilege(ProtectionDomain.java:86) ~[?:?]
	at java.awt.EventQueue.dispatchEvent(EventQueue.java:743) ~[?:?]
	at java.awt.EventDispatchThread.pumpOneEventForFilters(EventDispatchThread.java:203) ~[?:?]
	at java.awt.EventDispatchThread.pumpEventsForFilter(EventDispatchThread.java:124) ~[?:?]
	at java.awt.EventDispatchThread.pumpEventsForHierarchy(EventDispatchThread.java:113) ~[?:?]
	at java.awt.EventDispatchThread.pumpEvents(EventDispatchThread.java:109) ~[?:?]
	at java.awt.EventDispatchThread.pumpEvents(EventDispatchThread.java:101) ~[?:?]
	at java.awt.EventDispatchThread.run(EventDispatchThread.java:90) ~[?:?]
Caused by: java.lang.RuntimeException: Projection 'space' not found.
	at repast.simphony.visualization.engine.AbstractCartesianDisplayCreator.createLayout(AbstractCartesianDisplayCreator.java:57) ~[?:?]
	at repast.simphony.visualization.engine.DisplayCreatorOGL2D.createDisplay(DisplayCreatorOGL2D.java:62) ~[?:?]
	... 48 more
FATAL [Thread-2] 2023-05-10T22:46:58,528 GUIScheduleRunner - RunTimeException when running the schedule
Current tick (1.0)
java.lang.RuntimeException: java.lang.reflect.InvocationTargetException
	at repast.simphony.engine.schedule.DynamicTargetAction.execute(DynamicTargetAction.java:72) ~[?:?]
	at repast.simphony.engine.controller.ScheduledMethodControllerAction$ScheduleMethodAllAction.execute(ScheduledMethodControllerAction.java:336) ~[?:?]
	at repast.simphony.engine.schedule.DefaultAction.execute(DefaultAction.java:38) ~[?:?]
	at repast.simphony.engine.schedule.ScheduleGroup.executeList(ScheduleGroup.java:205) ~[?:?]
	at repast.simphony.engine.schedule.ScheduleGroup.execute(ScheduleGroup.java:231) ~[?:?]
	at repast.simphony.engine.schedule.Schedule.execute(Schedule.java:375) ~[?:?]
	at repast.simphony.ui.GUIScheduleRunner$ScheduleLoopRunnable.run(GUIScheduleRunner.java:52) ~[?:?]
	at java.lang.Thread.run(Thread.java:833) ~[?:?]
Caused by: java.lang.reflect.InvocationTargetException
	at jzombies.Human$$FastClassByCGLIB$$51cbeac2.invoke(<generated>) ~[?:?]
	at net.sf.cglib.reflect.FastMethod.invoke(FastMethod.java:53) ~[?:?]
	at repast.simphony.engine.schedule.DynamicTargetAction.execute(DynamicTargetAction.java:69) ~[?:?]
	... 7 more
Caused by: repast.simphony.space.SpatialException: Object '[5, 5]' must be added to the space's context before it can be moved
	at repast.simphony.space.grid.AbstractGrid.moveByDisplacement(AbstractGrid.java:296) ~[?:?]
	at repast.simphony.space.grid.AbstractGrid.moveByVector(AbstractGrid.java:345) ~[?:?]
	at jzombies.Human.move(Human.java:68) ~[?:?]
	at jzombies.Human$$FastClassByCGLIB$$51cbeac2.invoke(<generated>) ~[?:?]
	at net.sf.cglib.reflect.FastMethod.invoke(FastMethod.java:53) ~[?:?]
	at repast.simphony.engine.schedule.DynamicTargetAction.execute(DynamicTargetAction.java:69) ~[?:?]
	... 7 more
FATAL [Thread-2] 2023-05-10T22:48:34,964 GUIScheduleRunner - RunTimeException when running the schedule
Current tick (1.0)
java.lang.RuntimeException: java.lang.reflect.InvocationTargetException
	at repast.simphony.engine.schedule.DynamicTargetAction.execute(DynamicTargetAction.java:72) ~[?:?]
	at repast.simphony.engine.controller.ScheduledMethodControllerAction$ScheduleMethodAllAction.execute(ScheduledMethodControllerAction.java:336) ~[?:?]
	at repast.simphony.engine.schedule.DefaultAction.execute(DefaultAction.java:38) ~[?:?]
	at repast.simphony.engine.schedule.ScheduleGroup.executeList(ScheduleGroup.java:205) ~[?:?]
	at repast.simphony.engine.schedule.ScheduleGroup.execute(ScheduleGroup.java:231) ~[?:?]
	at repast.simphony.engine.schedule.Schedule.execute(Schedule.java:375) ~[?:?]
	at repast.simphony.ui.GUIScheduleRunner$ScheduleLoopRunnable.run(GUIScheduleRunner.java:52) ~[?:?]
	at java.lang.Thread.run(Thread.java:833) ~[?:?]
Caused by: java.lang.reflect.InvocationTargetException
	at jzombies.Human$$FastClassByCGLIB$$51cbeac2.invoke(<generated>) ~[?:?]
	at net.sf.cglib.reflect.FastMethod.invoke(FastMethod.java:53) ~[?:?]
	at repast.simphony.engine.schedule.DynamicTargetAction.execute(DynamicTargetAction.java:69) ~[?:?]
	... 7 more
Caused by: repast.simphony.space.SpatialException: Object '[5, 5]' must be added to the space's context before it can be moved
	at repast.simphony.space.grid.AbstractGrid.moveByDisplacement(AbstractGrid.java:296) ~[?:?]
	at repast.simphony.space.grid.AbstractGrid.moveByVector(AbstractGrid.java:345) ~[?:?]
	at jzombies.Human.move(Human.java:68) ~[?:?]
	at jzombies.Human$$FastClassByCGLIB$$51cbeac2.invoke(<generated>) ~[?:?]
	at net.sf.cglib.reflect.FastMethod.invoke(FastMethod.java:53) ~[?:?]
	at repast.simphony.engine.schedule.DynamicTargetAction.execute(DynamicTargetAction.java:69) ~[?:?]
	... 7 more
FATAL [Thread-2] 2023-05-10T22:50:20,451 GUIScheduleRunner - RunTimeException when running the schedule
Current tick (1.0)
java.lang.RuntimeException: java.lang.reflect.InvocationTargetException
	at repast.simphony.engine.schedule.DynamicTargetAction.execute(DynamicTargetAction.java:72) ~[?:?]
	at repast.simphony.engine.controller.ScheduledMethodControllerAction$ScheduleMethodAllAction.execute(ScheduledMethodControllerAction.java:336) ~[?:?]
	at repast.simphony.engine.schedule.DefaultAction.execute(DefaultAction.java:38) ~[?:?]
	at repast.simphony.engine.schedule.ScheduleGroup.executeList(ScheduleGroup.java:205) ~[?:?]
	at repast.simphony.engine.schedule.ScheduleGroup.execute(ScheduleGroup.java:231) ~[?:?]
	at repast.simphony.engine.schedule.Schedule.execute(Schedule.java:375) ~[?:?]
	at repast.simphony.ui.GUIScheduleRunner$ScheduleLoopRunnable.run(GUIScheduleRunner.java:52) ~[?:?]
	at java.lang.Thread.run(Thread.java:833) ~[?:?]
Caused by: java.lang.reflect.InvocationTargetException
	at jzombies.Human$$FastClassByCGLIB$$51cbeac2.invoke(<generated>) ~[?:?]
	at net.sf.cglib.reflect.FastMethod.invoke(FastMethod.java:53) ~[?:?]
	at repast.simphony.engine.schedule.DynamicTargetAction.execute(DynamicTargetAction.java:69) ~[?:?]
	... 7 more
Caused by: repast.simphony.space.SpatialException: Object '[5, 5]' must be added to the space's context before it can be moved
	at repast.simphony.space.grid.AbstractGrid.moveByDisplacement(AbstractGrid.java:296) ~[?:?]
	at repast.simphony.space.grid.AbstractGrid.moveByVector(AbstractGrid.java:345) ~[?:?]
	at jzombies.Human.move(Human.java:68) ~[?:?]
	at jzombies.Human$$FastClassByCGLIB$$51cbeac2.invoke(<generated>) ~[?:?]
	at net.sf.cglib.reflect.FastMethod.invoke(FastMethod.java:53) ~[?:?]
	at repast.simphony.engine.schedule.DynamicTargetAction.execute(DynamicTargetAction.java:69) ~[?:?]
	... 7 more
FATAL [Thread-3] 2023-05-10T22:50:46,222 GUIScheduleRunner - RunTimeException when running the schedule
Current tick (1.0)
java.lang.RuntimeException: java.lang.reflect.InvocationTargetException
	at repast.simphony.engine.schedule.DynamicTargetAction.execute(DynamicTargetAction.java:72) ~[?:?]
	at repast.simphony.engine.controller.ScheduledMethodControllerAction$ScheduleMethodAllAction.execute(ScheduledMethodControllerAction.java:336) ~[?:?]
	at repast.simphony.engine.schedule.DefaultAction.execute(DefaultAction.java:38) ~[?:?]
	at repast.simphony.engine.schedule.ScheduleGroup.executeList(ScheduleGroup.java:205) ~[?:?]
	at repast.simphony.engine.schedule.ScheduleGroup.execute(ScheduleGroup.java:231) ~[?:?]
	at repast.simphony.engine.schedule.Schedule.execute(Schedule.java:375) ~[?:?]
	at repast.simphony.ui.GUIScheduleRunner$ScheduleLoopRunnable.run(GUIScheduleRunner.java:52) ~[?:?]
	at java.lang.Thread.run(Thread.java:833) ~[?:?]
Caused by: java.lang.reflect.InvocationTargetException
	at jzombies.Human$$FastClassByCGLIB$$51cbeac2.invoke(<generated>) ~[?:?]
	at net.sf.cglib.reflect.FastMethod.invoke(FastMethod.java:53) ~[?:?]
	at repast.simphony.engine.schedule.DynamicTargetAction.execute(DynamicTargetAction.java:69) ~[?:?]
	... 7 more
Caused by: repast.simphony.space.SpatialException: Object '[5, 5]' must be added to the space's context before it can be moved
	at repast.simphony.space.grid.AbstractGrid.moveByDisplacement(AbstractGrid.java:296) ~[?:?]
	at repast.simphony.space.grid.AbstractGrid.moveByVector(AbstractGrid.java:345) ~[?:?]
	at jzombies.Human.move(Human.java:68) ~[?:?]
	at jzombies.Human$$FastClassByCGLIB$$51cbeac2.invoke(<generated>) ~[?:?]
	at net.sf.cglib.reflect.FastMethod.invoke(FastMethod.java:53) ~[?:?]
	at repast.simphony.engine.schedule.DynamicTargetAction.execute(DynamicTargetAction.java:69) ~[?:?]
	... 7 more
FATAL [Thread-2] 2023-05-10T22:52:48,284 GUIScheduleRunner - RunTimeException when running the schedule
Current tick (1.0)
java.lang.RuntimeException: java.lang.reflect.InvocationTargetException
	at repast.simphony.engine.schedule.DynamicTargetAction.execute(DynamicTargetAction.java:72) ~[?:?]
	at repast.simphony.engine.controller.ScheduledMethodControllerAction$ScheduleMethodAllAction.execute(ScheduledMethodControllerAction.java:336) ~[?:?]
	at repast.simphony.engine.schedule.DefaultAction.execute(DefaultAction.java:38) ~[?:?]
	at repast.simphony.engine.schedule.ScheduleGroup.executeList(ScheduleGroup.java:205) ~[?:?]
	at repast.simphony.engine.schedule.ScheduleGroup.execute(ScheduleGroup.java:231) ~[?:?]
	at repast.simphony.engine.schedule.Schedule.execute(Schedule.java:375) ~[?:?]
	at repast.simphony.ui.GUIScheduleRunner$ScheduleLoopRunnable.run(GUIScheduleRunner.java:52) ~[?:?]
	at java.lang.Thread.run(Thread.java:833) ~[?:?]
Caused by: java.lang.reflect.InvocationTargetException
	at jzombies.Human$$FastClassByCGLIB$$51cbeac2.invoke(<generated>) ~[?:?]
	at net.sf.cglib.reflect.FastMethod.invoke(FastMethod.java:53) ~[?:?]
	at repast.simphony.engine.schedule.DynamicTargetAction.execute(DynamicTargetAction.java:69) ~[?:?]
	... 7 more
Caused by: repast.simphony.space.SpatialException: Object '[5, 5]' must be added to the space's context before it can be moved
	at repast.simphony.space.grid.AbstractGrid.moveByDisplacement(AbstractGrid.java:296) ~[?:?]
	at repast.simphony.space.grid.AbstractGrid.moveByVector(AbstractGrid.java:345) ~[?:?]
	at jzombies.Human.move(Human.java:68) ~[?:?]
	at jzombies.Human$$FastClassByCGLIB$$51cbeac2.invoke(<generated>) ~[?:?]
	at net.sf.cglib.reflect.FastMethod.invoke(FastMethod.java:53) ~[?:?]
	at repast.simphony.engine.schedule.DynamicTargetAction.execute(DynamicTargetAction.java:69) ~[?:?]
	... 7 more
FATAL [Thread-2] 2023-05-10T22:54:11,603 GUIScheduleRunner - RunTimeException when running the schedule
Current tick (1.0)
java.lang.RuntimeException: java.lang.reflect.InvocationTargetException
	at repast.simphony.engine.schedule.DynamicTargetAction.execute(DynamicTargetAction.java:72) ~[?:?]
	at repast.simphony.engine.controller.ScheduledMethodControllerAction$ScheduleMethodAllAction.execute(ScheduledMethodControllerAction.java:336) ~[?:?]
	at repast.simphony.engine.schedule.DefaultAction.execute(DefaultAction.java:38) ~[?:?]
	at repast.simphony.engine.schedule.ScheduleGroup.executeList(ScheduleGroup.java:205) ~[?:?]
	at repast.simphony.engine.schedule.ScheduleGroup.execute(ScheduleGroup.java:231) ~[?:?]
	at repast.simphony.engine.schedule.Schedule.execute(Schedule.java:375) ~[?:?]
	at repast.simphony.ui.GUIScheduleRunner$ScheduleLoopRunnable.run(GUIScheduleRunner.java:52) ~[?:?]
	at java.lang.Thread.run(Thread.java:833) ~[?:?]
Caused by: java.lang.reflect.InvocationTargetException
	at jzombies.Human$$FastClassByCGLIB$$51cbeac2.invoke(<generated>) ~[?:?]
	at net.sf.cglib.reflect.FastMethod.invoke(FastMethod.java:53) ~[?:?]
	at repast.simphony.engine.schedule.DynamicTargetAction.execute(DynamicTargetAction.java:69) ~[?:?]
	... 7 more
Caused by: repast.simphony.space.SpatialException: Object '[5, 5]' must be added to the space's context before it can be moved
	at repast.simphony.space.grid.AbstractGrid.moveByDisplacement(AbstractGrid.java:296) ~[?:?]
	at repast.simphony.space.grid.AbstractGrid.moveByVector(AbstractGrid.java:345) ~[?:?]
	at jzombies.Human.move(Human.java:68) ~[?:?]
	at jzombies.Human$$FastClassByCGLIB$$51cbeac2.invoke(<generated>) ~[?:?]
	at net.sf.cglib.reflect.FastMethod.invoke(FastMethod.java:53) ~[?:?]
	at repast.simphony.engine.schedule.DynamicTargetAction.execute(DynamicTargetAction.java:69) ~[?:?]
	... 7 more
FATAL [Thread-2] 2023-05-10T22:58:13,701 GUIScheduleRunner - RunTimeException when running the schedule
Current tick (1.0)
java.lang.RuntimeException: java.lang.reflect.InvocationTargetException
	at repast.simphony.engine.schedule.DynamicTargetAction.execute(DynamicTargetAction.java:72) ~[?:?]
	at repast.simphony.engine.controller.ScheduledMethodControllerAction$ScheduleMethodAllAction.execute(ScheduledMethodControllerAction.java:336) ~[?:?]
	at repast.simphony.engine.schedule.DefaultAction.execute(DefaultAction.java:38) ~[?:?]
	at repast.simphony.engine.schedule.ScheduleGroup.executeList(ScheduleGroup.java:205) ~[?:?]
	at repast.simphony.engine.schedule.ScheduleGroup.execute(ScheduleGroup.java:231) ~[?:?]
	at repast.simphony.engine.schedule.Schedule.execute(Schedule.java:375) ~[?:?]
	at repast.simphony.ui.GUIScheduleRunner$ScheduleLoopRunnable.run(GUIScheduleRunner.java:52) ~[?:?]
	at java.lang.Thread.run(Thread.java:833) ~[?:?]
Caused by: java.lang.reflect.InvocationTargetException
	at jzombies.Human$$FastClassByCGLIB$$51cbeac2.invoke(<generated>) ~[?:?]
	at net.sf.cglib.reflect.FastMethod.invoke(FastMethod.java:53) ~[?:?]
	at repast.simphony.engine.schedule.DynamicTargetAction.execute(DynamicTargetAction.java:69) ~[?:?]
	... 7 more
Caused by: repast.simphony.space.SpatialException: Object '[5, 5]' must be added to the space's context before it can be moved
	at repast.simphony.space.grid.AbstractGrid.moveByDisplacement(AbstractGrid.java:296) ~[?:?]
	at repast.simphony.space.grid.AbstractGrid.moveByVector(AbstractGrid.java:345) ~[?:?]
	at jzombies.Human.move(Human.java:68) ~[?:?]
	at jzombies.Human$$FastClassByCGLIB$$51cbeac2.invoke(<generated>) ~[?:?]
	at net.sf.cglib.reflect.FastMethod.invoke(FastMethod.java:53) ~[?:?]
	at repast.simphony.engine.schedule.DynamicTargetAction.execute(DynamicTargetAction.java:69) ~[?:?]
	... 7 more
FATAL [Thread-2] 2023-05-10T23:02:31,176 GUIScheduleRunner - RunTimeException when running the schedule
Current tick (1.0)
java.lang.RuntimeException: java.lang.reflect.InvocationTargetException
	at repast.simphony.engine.schedule.DynamicTargetAction.execute(DynamicTargetAction.java:72) ~[?:?]
	at repast.simphony.engine.controller.ScheduledMethodControllerAction$ScheduleMethodAllAction.execute(ScheduledMethodControllerAction.java:336) ~[?:?]
	at repast.simphony.engine.schedule.DefaultAction.execute(DefaultAction.java:38) ~[?:?]
	at repast.simphony.engine.schedule.ScheduleGroup.executeList(ScheduleGroup.java:205) ~[?:?]
	at repast.simphony.engine.schedule.ScheduleGroup.execute(ScheduleGroup.java:231) ~[?:?]
	at repast.simphony.engine.schedule.Schedule.execute(Schedule.java:375) ~[?:?]
	at repast.simphony.ui.GUIScheduleRunner$ScheduleLoopRunnable.run(GUIScheduleRunner.java:52) ~[?:?]
	at java.lang.Thread.run(Thread.java:833) ~[?:?]
Caused by: java.lang.reflect.InvocationTargetException
	at jzombies.Human$$FastClassByCGLIB$$51cbeac2.invoke(<generated>) ~[?:?]
	at net.sf.cglib.reflect.FastMethod.invoke(FastMethod.java:53) ~[?:?]
	at repast.simphony.engine.schedule.DynamicTargetAction.execute(DynamicTargetAction.java:69) ~[?:?]
	... 7 more
Caused by: repast.simphony.space.SpatialException: Object '[5, 5]' must be added to the space's context before it can be moved
	at repast.simphony.space.grid.AbstractGrid.moveByDisplacement(AbstractGrid.java:296) ~[?:?]
	at repast.simphony.space.grid.AbstractGrid.moveByVector(AbstractGrid.java:345) ~[?:?]
	at jzombies.Human.move(Human.java:68) ~[?:?]
	at jzombies.Human$$FastClassByCGLIB$$51cbeac2.invoke(<generated>) ~[?:?]
	at net.sf.cglib.reflect.FastMethod.invoke(FastMethod.java:53) ~[?:?]
	at repast.simphony.engine.schedule.DynamicTargetAction.execute(DynamicTargetAction.java:69) ~[?:?]
	... 7 more
FATAL [Thread-2] 2023-05-10T23:16:57,578 GUIScheduleRunner - RunTimeException when running the schedule
Current tick (1.0)
java.lang.RuntimeException: java.lang.reflect.InvocationTargetException
	at repast.simphony.engine.schedule.DynamicTargetAction.execute(DynamicTargetAction.java:72) ~[?:?]
	at repast.simphony.engine.controller.ScheduledMethodControllerAction$ScheduleMethodAllAction.execute(ScheduledMethodControllerAction.java:336) ~[?:?]
	at repast.simphony.engine.schedule.DefaultAction.execute(DefaultAction.java:38) ~[?:?]
	at repast.simphony.engine.schedule.ScheduleGroup.executeList(ScheduleGroup.java:205) ~[?:?]
	at repast.simphony.engine.schedule.ScheduleGroup.execute(ScheduleGroup.java:231) ~[?:?]
	at repast.simphony.engine.schedule.Schedule.execute(Schedule.java:375) ~[?:?]
	at repast.simphony.ui.GUIScheduleRunner$ScheduleLoopRunnable.run(GUIScheduleRunner.java:52) ~[?:?]
	at java.lang.Thread.run(Thread.java:833) ~[?:?]
Caused by: java.lang.reflect.InvocationTargetException
	at jzombies.Human$$FastClassByCGLIB$$51cbeac2.invoke(<generated>) ~[?:?]
	at net.sf.cglib.reflect.FastMethod.invoke(FastMethod.java:53) ~[?:?]
	at repast.simphony.engine.schedule.DynamicTargetAction.execute(DynamicTargetAction.java:69) ~[?:?]
	... 7 more
Caused by: repast.simphony.space.SpatialException: Object '[5, 5]' must be added to the space's context before it can be moved
	at repast.simphony.space.grid.AbstractGrid.moveByDisplacement(AbstractGrid.java:296) ~[?:?]
	at repast.simphony.space.grid.AbstractGrid.moveByVector(AbstractGrid.java:345) ~[?:?]
	at jzombies.Human.move(Human.java:68) ~[?:?]
	at jzombies.Human$$FastClassByCGLIB$$51cbeac2.invoke(<generated>) ~[?:?]
	at net.sf.cglib.reflect.FastMethod.invoke(FastMethod.java:53) ~[?:?]
	at repast.simphony.engine.schedule.DynamicTargetAction.execute(DynamicTargetAction.java:69) ~[?:?]
	... 7 more
FATAL [Thread-2] 2023-05-10T23:21:17,955 GUIScheduleRunner - RunTimeException when running the schedule
Current tick (1.0)
java.lang.RuntimeException: java.lang.reflect.InvocationTargetException
	at repast.simphony.engine.schedule.DynamicTargetAction.execute(DynamicTargetAction.java:72) ~[?:?]
	at repast.simphony.engine.controller.ScheduledMethodControllerAction$ScheduleMethodAllAction.execute(ScheduledMethodControllerAction.java:336) ~[?:?]
	at repast.simphony.engine.schedule.DefaultAction.execute(DefaultAction.java:38) ~[?:?]
	at repast.simphony.engine.schedule.ScheduleGroup.executeList(ScheduleGroup.java:205) ~[?:?]
	at repast.simphony.engine.schedule.ScheduleGroup.execute(ScheduleGroup.java:231) ~[?:?]
	at repast.simphony.engine.schedule.Schedule.execute(Schedule.java:375) ~[?:?]
	at repast.simphony.ui.GUIScheduleRunner$ScheduleLoopRunnable.run(GUIScheduleRunner.java:52) ~[?:?]
	at java.lang.Thread.run(Thread.java:833) ~[?:?]
Caused by: java.lang.reflect.InvocationTargetException
	at jzombies.Human$$FastClassByCGLIB$$51cbeac2.invoke(<generated>) ~[?:?]
	at net.sf.cglib.reflect.FastMethod.invoke(FastMethod.java:53) ~[?:?]
	at repast.simphony.engine.schedule.DynamicTargetAction.execute(DynamicTargetAction.java:69) ~[?:?]
	... 7 more
Caused by: repast.simphony.space.SpatialException: Object '[5, 5]' must be added to the space's context before it can be moved
	at repast.simphony.space.grid.AbstractGrid.moveByDisplacement(AbstractGrid.java:296) ~[?:?]
	at repast.simphony.space.grid.AbstractGrid.moveByVector(AbstractGrid.java:345) ~[?:?]
	at jzombies.Human.move(Human.java:68) ~[?:?]
	at jzombies.Human$$FastClassByCGLIB$$51cbeac2.invoke(<generated>) ~[?:?]
	at net.sf.cglib.reflect.FastMethod.invoke(FastMethod.java:53) ~[?:?]
	at repast.simphony.engine.schedule.DynamicTargetAction.execute(DynamicTargetAction.java:69) ~[?:?]
	... 7 more
FATAL [Thread-2] 2023-05-10T23:26:41,615 GUIScheduleRunner - RunTimeException when running the schedule
Current tick (1.0)
java.lang.RuntimeException: java.lang.reflect.InvocationTargetException
	at repast.simphony.engine.schedule.DynamicTargetAction.execute(DynamicTargetAction.java:72) ~[?:?]
	at repast.simphony.engine.controller.ScheduledMethodControllerAction$ScheduleMethodAllAction.execute(ScheduledMethodControllerAction.java:336) ~[?:?]
	at repast.simphony.engine.schedule.DefaultAction.execute(DefaultAction.java:38) ~[?:?]
	at repast.simphony.engine.schedule.ScheduleGroup.executeList(ScheduleGroup.java:205) ~[?:?]
	at repast.simphony.engine.schedule.ScheduleGroup.execute(ScheduleGroup.java:231) ~[?:?]
	at repast.simphony.engine.schedule.Schedule.execute(Schedule.java:375) ~[?:?]
	at repast.simphony.ui.GUIScheduleRunner$ScheduleLoopRunnable.run(GUIScheduleRunner.java:52) ~[?:?]
	at java.lang.Thread.run(Thread.java:833) ~[?:?]
Caused by: java.lang.reflect.InvocationTargetException
	at jzombies.Human$$FastClassByCGLIB$$51cbeac2.invoke(<generated>) ~[?:?]
	at net.sf.cglib.reflect.FastMethod.invoke(FastMethod.java:53) ~[?:?]
	at repast.simphony.engine.schedule.DynamicTargetAction.execute(DynamicTargetAction.java:69) ~[?:?]
	... 7 more
Caused by: repast.simphony.space.SpatialException: Object '[5, 5]' must be added to the space's context before it can be moved
	at repast.simphony.space.grid.AbstractGrid.moveByDisplacement(AbstractGrid.java:296) ~[?:?]
	at repast.simphony.space.grid.AbstractGrid.moveByVector(AbstractGrid.java:345) ~[?:?]
	at jzombies.Human.move(Human.java:68) ~[?:?]
	at jzombies.Human$$FastClassByCGLIB$$51cbeac2.invoke(<generated>) ~[?:?]
	at net.sf.cglib.reflect.FastMethod.invoke(FastMethod.java:53) ~[?:?]
	at repast.simphony.engine.schedule.DynamicTargetAction.execute(DynamicTargetAction.java:69) ~[?:?]
	... 7 more
